2021-01-25 23:05:14,064 [INFO ] [main] com.cheny.springboot.Ch5Application [StartupInfoLogger.java : 55] Starting Ch5Application using Java 1.8.0_271 on DESKTOP-6JTQ43H with PID 5200 (C:\Users\chenyi\Desktop\homejava\springboot\ch5\target\classes started by chenyi in C:\Users\chenyi\Desktop\homejava\springboot)
2021-01-25 23:05:14,080 [INFO ] [main] com.cheny.springboot.Ch5Application [SpringApplication.java : 660] No active profile set, falling back to default profiles: default
2021-01-25 23:05:25,892 [INFO ] [main] o.s.data.repository.config.RepositoryConfigurationDelegate [RepositoryConfigurationDelegate.java : 250] Multiple Spring Data modules found, entering strict repository configuration mode!
2021-01-25 23:05:26,025 [INFO ] [main] o.s.data.repository.config.RepositoryConfigurationDelegate [RepositoryConfigurationDelegate.java : 128] Bootstrapping Spring Data Redis repositories in DEFAULT mode.
2021-01-25 23:05:26,999 [INFO ] [main] o.s.data.repository.config.RepositoryConfigurationDelegate [RepositoryConfigurationDelegate.java : 188] Finished Spring Data repository scanning in 115 ms. Found 0 Redis repository interfaces.
2021-01-25 23:05:41,538 [INFO ] [main] org.springframework.boot.web.embedded.tomcat.TomcatWebServer [TomcatWebServer.java : 108] Tomcat initialized with port(s): 8855 (http)
2021-01-25 23:05:41,932 [INFO ] [main] org.apache.coyote.http11.Http11NioProtocol [DirectJDKLog.java : 173] Initializing ProtocolHandler ["http-nio-8855"]
2021-01-25 23:05:41,933 [INFO ] [main] org.apache.catalina.core.StandardService [DirectJDKLog.java : 173] Starting service [Tomcat]
2021-01-25 23:05:41,933 [INFO ] [main] org.apache.catalina.core.StandardEngine [DirectJDKLog.java : 173] Starting Servlet engine: [Apache Tomcat/9.0.41]
2021-01-25 23:05:41,936 [INFO ] [main] org.apache.catalina.core.AprLifecycleListener [DirectJDKLog.java : 173] Loaded Apache Tomcat Native library [1.2.25] using APR version [1.7.0].
2021-01-25 23:05:41,936 [INFO ] [main] org.apache.catalina.core.AprLifecycleListener [DirectJDKLog.java : 173] APR capabilities: IPv6 [true], sendfile [true], accept filters [false], random [true].
2021-01-25 23:05:41,936 [INFO ] [main] org.apache.catalina.core.AprLifecycleListener [DirectJDKLog.java : 173] APR/OpenSSL configuration: useAprConnector [false], useOpenSSL [true]
2021-01-25 23:05:42,768 [INFO ] [main] org.apache.catalina.core.AprLifecycleListener [DirectJDKLog.java : 173] OpenSSL successfully initialized [OpenSSL 1.1.1g  21 Apr 2020]
2021-01-25 23:05:49,871 [INFO ] [main] org.apache.jasper.servlet.TldScanner [DirectJDKLog.java : 173] At least one JAR was scanned for TLDs yet contained no TLDs. Enable debug logging for this logger for a complete list of JARs that were scanned but no TLDs were found in them. Skipping unneeded JARs during scanning can improve startup time and JSP compilation time.
2021-01-25 23:05:50,032 [INFO ] [main] o.a.catalina.core.ContainerBase.[Tomcat].[localhost].[/] [DirectJDKLog.java : 173] Initializing Spring embedded WebApplicationContext
2021-01-25 23:05:50,032 [INFO ] [main] o.s.b.web.servlet.context.ServletWebServerApplicationContext [ServletWebServerApplicationContext.java : 289] Root WebApplicationContext: initialization completed in 35153 ms
2021-01-25 23:05:56,732 [INFO ] [main] o.s.scheduling.concurrent.ThreadPoolTaskExecutor [ExecutorConfigurationSupport.java : 181] Initializing ExecutorService 'applicationTaskExecutor'
2021-01-25 23:05:59,551 [INFO ] [main] o.s.boot.autoconfigure.web.servlet.WelcomePageHandlerMapping [WelcomePageHandlerMapping.java : 57] Adding welcome page template: index
2021-01-25 23:06:15,082 [INFO ] [main] org.apache.coyote.http11.Http11NioProtocol [DirectJDKLog.java : 173] Starting ProtocolHandler ["http-nio-8855"]
2021-01-25 23:06:17,717 [INFO ] [main] org.springframework.boot.web.embedded.tomcat.TomcatWebServer [TomcatWebServer.java : 220] Tomcat started on port(s): 8855 (http) with context path ''
2021-01-25 23:06:17,735 [INFO ] [main] com.cheny.springboot.Ch5Application [StartupInfoLogger.java : 61] Started Ch5Application in 72.094 seconds (JVM running for 83.603)
2021-01-25 23:07:11,074 [INFO ] [http-nio-8855-exec-3] o.a.catalina.core.ContainerBase.[Tomcat].[localhost].[/] [DirectJDKLog.java : 173] Initializing Spring DispatcherServlet 'dispatcherServlet'
2021-01-25 23:07:11,075 [INFO ] [http-nio-8855-exec-3] org.springframework.web.servlet.DispatcherServlet [FrameworkServlet.java : 525] Initializing Servlet 'dispatcherServlet'
2021-01-25 23:07:11,077 [INFO ] [http-nio-8855-exec-3] org.springframework.web.servlet.DispatcherServlet [FrameworkServlet.java : 547] Completed initialization in 1 ms
2021-01-25 23:07:18,755 [INFO ] [http-nio-8855-exec-7] com.zaxxer.hikari.HikariDataSource [HikariDataSource.java : 110] HikariPool-1 - Starting...
2021-01-25 23:07:20,868 [INFO ] [http-nio-8855-exec-7] com.zaxxer.hikari.HikariDataSource [HikariDataSource.java : 123] HikariPool-1 - Start completed.
