2021-01-31 14:02:57,334 [INFO ] [main] com.cheny.springboot.Ch5Application [StartupInfoLogger.java : 55] Starting Ch5Application using Java 1.8.0_271 on DESKTOP-6JTQ43H with PID 10324 (C:\Users\chenyi\Desktop\homejava\springboot\platform\target\classes started by chenyi in C:\Users\chenyi\Desktop\homejava\springboot\platform)
2021-01-31 14:02:57,440 [INFO ] [main] com.cheny.springboot.Ch5Application [SpringApplication.java : 660] No active profile set, falling back to default profiles: default
2021-01-31 14:03:00,465 [INFO ] [main] o.s.data.repository.config.RepositoryConfigurationDelegate [RepositoryConfigurationDelegate.java : 250] Multiple Spring Data modules found, entering strict repository configuration mode!
2021-01-31 14:03:00,474 [INFO ] [main] o.s.data.repository.config.RepositoryConfigurationDelegate [RepositoryConfigurationDelegate.java : 128] Bootstrapping Spring Data Redis repositories in DEFAULT mode.
2021-01-31 14:03:00,742 [INFO ] [main] o.s.data.repository.config.RepositoryConfigurationDelegate [RepositoryConfigurationDelegate.java : 188] Finished Spring Data repository scanning in 75 ms. Found 0 Redis repository interfaces.
2021-01-31 14:03:02,762 [INFO ] [main] org.springframework.boot.web.embedded.tomcat.TomcatWebServer [TomcatWebServer.java : 108] Tomcat initialized with port(s): 8855 (http)
2021-01-31 14:03:02,851 [INFO ] [main] org.apache.coyote.http11.Http11NioProtocol [DirectJDKLog.java : 173] Initializing ProtocolHandler ["http-nio-8855"]
2021-01-31 14:03:02,854 [INFO ] [main] org.apache.catalina.core.StandardService [DirectJDKLog.java : 173] Starting service [Tomcat]
2021-01-31 14:03:02,855 [INFO ] [main] org.apache.catalina.core.StandardEngine [DirectJDKLog.java : 173] Starting Servlet engine: [Apache Tomcat/9.0.41]
2021-01-31 14:03:02,862 [INFO ] [main] org.apache.catalina.core.AprLifecycleListener [DirectJDKLog.java : 173] Loaded Apache Tomcat Native library [1.2.25] using APR version [1.7.0].
2021-01-31 14:03:02,863 [INFO ] [main] org.apache.catalina.core.AprLifecycleListener [DirectJDKLog.java : 173] APR capabilities: IPv6 [true], sendfile [true], accept filters [false], random [true].
2021-01-31 14:03:02,865 [INFO ] [main] org.apache.catalina.core.AprLifecycleListener [DirectJDKLog.java : 173] APR/OpenSSL configuration: useAprConnector [false], useOpenSSL [true]
2021-01-31 14:03:03,008 [INFO ] [main] org.apache.catalina.core.AprLifecycleListener [DirectJDKLog.java : 173] OpenSSL successfully initialized [OpenSSL 1.1.1g  21 Apr 2020]
2021-01-31 14:03:03,501 [INFO ] [main] org.apache.jasper.servlet.TldScanner [DirectJDKLog.java : 173] At least one JAR was scanned for TLDs yet contained no TLDs. Enable debug logging for this logger for a complete list of JARs that were scanned but no TLDs were found in them. Skipping unneeded JARs during scanning can improve startup time and JSP compilation time.
2021-01-31 14:03:03,523 [INFO ] [main] o.a.catalina.core.ContainerBase.[Tomcat].[localhost].[/] [DirectJDKLog.java : 173] Initializing Spring embedded WebApplicationContext
2021-01-31 14:03:03,523 [INFO ] [main] o.s.b.web.servlet.context.ServletWebServerApplicationContext [ServletWebServerApplicationContext.java : 289] Root WebApplicationContext: initialization completed in 5765 ms
2021-01-31 14:03:04,558 [INFO ] [main] o.s.scheduling.concurrent.ThreadPoolTaskExecutor [ExecutorConfigurationSupport.java : 181] Initializing ExecutorService 'applicationTaskExecutor'
2021-01-31 14:03:04,740 [INFO ] [main] o.s.boot.autoconfigure.web.servlet.WelcomePageHandlerMapping [WelcomePageHandlerMapping.java : 57] Adding welcome page template: index
2021-01-31 14:03:06,542 [INFO ] [main] org.apache.coyote.http11.Http11NioProtocol [DirectJDKLog.java : 173] Starting ProtocolHandler ["http-nio-8855"]
2021-01-31 14:03:06,619 [INFO ] [main] org.springframework.boot.web.embedded.tomcat.TomcatWebServer [TomcatWebServer.java : 220] Tomcat started on port(s): 8855 (http) with context path ''
2021-01-31 14:03:06,629 [INFO ] [main] com.cheny.springboot.Ch5Application [StartupInfoLogger.java : 61] Started Ch5Application in 11.935 seconds (JVM running for 21.35)
2021-01-31 14:04:37,332 [INFO ] [http-nio-8855-exec-2] o.a.catalina.core.ContainerBase.[Tomcat].[localhost].[/] [DirectJDKLog.java : 173] Initializing Spring DispatcherServlet 'dispatcherServlet'
2021-01-31 14:04:37,336 [INFO ] [http-nio-8855-exec-2] org.springframework.web.servlet.DispatcherServlet [FrameworkServlet.java : 525] Initializing Servlet 'dispatcherServlet'
2021-01-31 14:04:37,357 [INFO ] [http-nio-8855-exec-2] org.springframework.web.servlet.DispatcherServlet [FrameworkServlet.java : 547] Completed initialization in 20 ms
2021-01-31 14:04:45,917 [INFO ] [http-nio-8855-exec-6] com.zaxxer.hikari.HikariDataSource [HikariDataSource.java : 110] HikariPool-1 - Starting...
2021-01-31 14:04:49,586 [INFO ] [http-nio-8855-exec-6] com.zaxxer.hikari.HikariDataSource [HikariDataSource.java : 123] HikariPool-1 - Start completed.
2021-01-31 20:38:02,789 [INFO ] [main] com.cheny.springboot.Ch5Application [StartupInfoLogger.java : 55] Starting Ch5Application using Java 1.8.0_271 on DESKTOP-6JTQ43H with PID 14936 (C:\Users\chenyi\Desktop\homejava\springboot\platform\target\classes started by chenyi in C:\Users\chenyi\Desktop\homejava\springboot\platform)
2021-01-31 20:38:03,237 [INFO ] [main] com.cheny.springboot.Ch5Application [SpringApplication.java : 660] No active profile set, falling back to default profiles: default
2021-01-31 20:39:15,894 [INFO ] [main] o.s.data.repository.config.RepositoryConfigurationDelegate [RepositoryConfigurationDelegate.java : 250] Multiple Spring Data modules found, entering strict repository configuration mode!
2021-01-31 20:39:16,260 [INFO ] [main] o.s.data.repository.config.RepositoryConfigurationDelegate [RepositoryConfigurationDelegate.java : 128] Bootstrapping Spring Data Redis repositories in DEFAULT mode.
2021-01-31 20:39:19,309 [INFO ] [main] o.s.data.repository.config.RepositoryConfigurationDelegate [RepositoryConfigurationDelegate.java : 188] Finished Spring Data repository scanning in 1248 ms. Found 0 Redis repository interfaces.
2021-01-31 20:39:54,790 [INFO ] [main] org.springframework.boot.web.embedded.tomcat.TomcatWebServer [TomcatWebServer.java : 108] Tomcat initialized with port(s): 8855 (http)
2021-01-31 20:39:55,244 [INFO ] [main] org.apache.coyote.http11.Http11NioProtocol [DirectJDKLog.java : 173] Initializing ProtocolHandler ["http-nio-8855"]
2021-01-31 20:39:55,435 [INFO ] [main] org.apache.catalina.core.StandardService [DirectJDKLog.java : 173] Starting service [Tomcat]
2021-01-31 20:39:55,436 [INFO ] [main] org.apache.catalina.core.StandardEngine [DirectJDKLog.java : 173] Starting Servlet engine: [Apache Tomcat/9.0.41]
2021-01-31 20:39:55,442 [INFO ] [main] org.apache.catalina.core.AprLifecycleListener [DirectJDKLog.java : 173] Loaded Apache Tomcat Native library [1.2.25] using APR version [1.7.0].
2021-01-31 20:39:55,444 [INFO ] [main] org.apache.catalina.core.AprLifecycleListener [DirectJDKLog.java : 173] APR capabilities: IPv6 [true], sendfile [true], accept filters [false], random [true].
2021-01-31 20:39:55,446 [INFO ] [main] org.apache.catalina.core.AprLifecycleListener [DirectJDKLog.java : 173] APR/OpenSSL configuration: useAprConnector [false], useOpenSSL [true]
2021-01-31 20:39:59,845 [INFO ] [main] org.apache.catalina.core.AprLifecycleListener [DirectJDKLog.java : 173] OpenSSL successfully initialized [OpenSSL 1.1.1g  21 Apr 2020]
2021-01-31 20:40:12,041 [INFO ] [main] org.apache.jasper.servlet.TldScanner [DirectJDKLog.java : 173] At least one JAR was scanned for TLDs yet contained no TLDs. Enable debug logging for this logger for a complete list of JARs that were scanned but no TLDs were found in them. Skipping unneeded JARs during scanning can improve startup time and JSP compilation time.
2021-01-31 20:40:12,079 [INFO ] [main] o.a.catalina.core.ContainerBase.[Tomcat].[localhost].[/] [DirectJDKLog.java : 173] Initializing Spring embedded WebApplicationContext
2021-01-31 20:40:12,079 [INFO ] [main] o.s.b.web.servlet.context.ServletWebServerApplicationContext [ServletWebServerApplicationContext.java : 289] Root WebApplicationContext: initialization completed in 123430 ms
2021-01-31 20:40:19,660 [INFO ] [main] o.s.scheduling.concurrent.ThreadPoolTaskExecutor [ExecutorConfigurationSupport.java : 181] Initializing ExecutorService 'applicationTaskExecutor'
2021-01-31 20:40:32,826 [INFO ] [main] org.apache.coyote.http11.Http11NioProtocol [DirectJDKLog.java : 173] Starting ProtocolHandler ["http-nio-8855"]
2021-01-31 20:40:34,279 [INFO ] [main] org.springframework.boot.web.embedded.tomcat.TomcatWebServer [TomcatWebServer.java : 220] Tomcat started on port(s): 8855 (http) with context path ''
2021-01-31 20:40:34,627 [INFO ] [main] com.cheny.springboot.Ch5Application [StartupInfoLogger.java : 61] Started Ch5Application in 179.099 seconds (JVM running for 209.042)
2021-01-31 20:43:28,425 [INFO ] [http-nio-8855-exec-1] o.a.catalina.core.ContainerBase.[Tomcat].[localhost].[/] [DirectJDKLog.java : 173] Initializing Spring DispatcherServlet 'dispatcherServlet'
2021-01-31 20:43:28,427 [INFO ] [http-nio-8855-exec-1] org.springframework.web.servlet.DispatcherServlet [FrameworkServlet.java : 525] Initializing Servlet 'dispatcherServlet'
2021-01-31 20:43:28,431 [INFO ] [http-nio-8855-exec-1] org.springframework.web.servlet.DispatcherServlet [FrameworkServlet.java : 547] Completed initialization in 2 ms
2021-01-31 20:46:27,421 [INFO ] [main] com.cheny.springboot.Ch5Application [StartupInfoLogger.java : 55] Starting Ch5Application using Java 1.8.0_271 on DESKTOP-6JTQ43H with PID 11944 (C:\Users\chenyi\Desktop\homejava\springboot\platform\target\classes started by chenyi in C:\Users\chenyi\Desktop\homejava\springboot\platform)
2021-01-31 20:46:27,426 [INFO ] [main] com.cheny.springboot.Ch5Application [SpringApplication.java : 660] No active profile set, falling back to default profiles: default
2021-01-31 20:46:28,556 [INFO ] [main] o.s.data.repository.config.RepositoryConfigurationDelegate [RepositoryConfigurationDelegate.java : 250] Multiple Spring Data modules found, entering strict repository configuration mode!
2021-01-31 20:46:28,559 [INFO ] [main] o.s.data.repository.config.RepositoryConfigurationDelegate [RepositoryConfigurationDelegate.java : 128] Bootstrapping Spring Data Redis repositories in DEFAULT mode.
2021-01-31 20:46:28,590 [INFO ] [main] o.s.data.repository.config.RepositoryConfigurationDelegate [RepositoryConfigurationDelegate.java : 188] Finished Spring Data repository scanning in 17 ms. Found 0 Redis repository interfaces.
2021-01-31 20:46:29,687 [INFO ] [main] org.springframework.boot.web.embedded.tomcat.TomcatWebServer [TomcatWebServer.java : 108] Tomcat initialized with port(s): 8855 (http)
2021-01-31 20:46:29,698 [INFO ] [main] org.apache.coyote.http11.Http11NioProtocol [DirectJDKLog.java : 173] Initializing ProtocolHandler ["http-nio-8855"]
2021-01-31 20:46:29,699 [INFO ] [main] org.apache.catalina.core.StandardService [DirectJDKLog.java : 173] Starting service [Tomcat]
2021-01-31 20:46:29,699 [INFO ] [main] org.apache.catalina.core.StandardEngine [DirectJDKLog.java : 173] Starting Servlet engine: [Apache Tomcat/9.0.41]
2021-01-31 20:46:29,701 [INFO ] [main] org.apache.catalina.core.AprLifecycleListener [DirectJDKLog.java : 173] Loaded Apache Tomcat Native library [1.2.25] using APR version [1.7.0].
2021-01-31 20:46:29,701 [INFO ] [main] org.apache.catalina.core.AprLifecycleListener [DirectJDKLog.java : 173] APR capabilities: IPv6 [true], sendfile [true], accept filters [false], random [true].
2021-01-31 20:46:29,702 [INFO ] [main] org.apache.catalina.core.AprLifecycleListener [DirectJDKLog.java : 173] APR/OpenSSL configuration: useAprConnector [false], useOpenSSL [true]
2021-01-31 20:46:29,712 [INFO ] [main] org.apache.catalina.core.AprLifecycleListener [DirectJDKLog.java : 173] OpenSSL successfully initialized [OpenSSL 1.1.1g  21 Apr 2020]
2021-01-31 20:46:30,063 [INFO ] [main] org.apache.jasper.servlet.TldScanner [DirectJDKLog.java : 173] At least one JAR was scanned for TLDs yet contained no TLDs. Enable debug logging for this logger for a complete list of JARs that were scanned but no TLDs were found in them. Skipping unneeded JARs during scanning can improve startup time and JSP compilation time.
2021-01-31 20:46:30,066 [INFO ] [main] o.a.catalina.core.ContainerBase.[Tomcat].[localhost].[/] [DirectJDKLog.java : 173] Initializing Spring embedded WebApplicationContext
2021-01-31 20:46:30,067 [INFO ] [main] o.s.b.web.servlet.context.ServletWebServerApplicationContext [ServletWebServerApplicationContext.java : 289] Root WebApplicationContext: initialization completed in 2533 ms
2021-01-31 20:46:30,696 [INFO ] [main] o.s.scheduling.concurrent.ThreadPoolTaskExecutor [ExecutorConfigurationSupport.java : 181] Initializing ExecutorService 'applicationTaskExecutor'
2021-01-31 20:46:31,355 [INFO ] [main] org.apache.coyote.http11.Http11NioProtocol [DirectJDKLog.java : 173] Starting ProtocolHandler ["http-nio-8855"]
2021-01-31 20:46:31,428 [INFO ] [main] org.springframework.boot.web.embedded.tomcat.TomcatWebServer [TomcatWebServer.java : 220] Tomcat started on port(s): 8855 (http) with context path ''
2021-01-31 20:46:31,439 [INFO ] [main] com.cheny.springboot.Ch5Application [StartupInfoLogger.java : 61] Started Ch5Application in 5.292 seconds (JVM running for 7.584)
2021-01-31 20:48:37,987 [INFO ] [main] com.cheny.springboot.Ch5Application [StartupInfoLogger.java : 55] Starting Ch5Application using Java 1.8.0_271 on DESKTOP-6JTQ43H with PID 12712 (C:\Users\chenyi\Desktop\homejava\springboot\platform\target\classes started by chenyi in C:\Users\chenyi\Desktop\homejava\springboot\platform)
2021-01-31 20:48:38,008 [INFO ] [main] com.cheny.springboot.Ch5Application [SpringApplication.java : 660] No active profile set, falling back to default profiles: default
2021-01-31 20:48:43,286 [INFO ] [main] o.s.data.repository.config.RepositoryConfigurationDelegate [RepositoryConfigurationDelegate.java : 250] Multiple Spring Data modules found, entering strict repository configuration mode!
2021-01-31 20:48:43,291 [INFO ] [main] o.s.data.repository.config.RepositoryConfigurationDelegate [RepositoryConfigurationDelegate.java : 128] Bootstrapping Spring Data Redis repositories in DEFAULT mode.
2021-01-31 20:48:43,497 [INFO ] [main] o.s.data.repository.config.RepositoryConfigurationDelegate [RepositoryConfigurationDelegate.java : 188] Finished Spring Data repository scanning in 94 ms. Found 0 Redis repository interfaces.
2021-01-31 20:48:52,038 [INFO ] [main] org.springframework.boot.web.embedded.tomcat.TomcatWebServer [TomcatWebServer.java : 108] Tomcat initialized with port(s): 8855 (http)
2021-01-31 20:48:52,180 [INFO ] [main] org.apache.coyote.http11.Http11NioProtocol [DirectJDKLog.java : 173] Initializing ProtocolHandler ["http-nio-8855"]
2021-01-31 20:48:52,183 [INFO ] [main] org.apache.catalina.core.StandardService [DirectJDKLog.java : 173] Starting service [Tomcat]
2021-01-31 20:48:52,184 [INFO ] [main] org.apache.catalina.core.StandardEngine [DirectJDKLog.java : 173] Starting Servlet engine: [Apache Tomcat/9.0.41]
2021-01-31 20:48:52,192 [INFO ] [main] org.apache.catalina.core.AprLifecycleListener [DirectJDKLog.java : 173] Loaded Apache Tomcat Native library [1.2.25] using APR version [1.7.0].
2021-01-31 20:48:52,194 [INFO ] [main] org.apache.catalina.core.AprLifecycleListener [DirectJDKLog.java : 173] APR capabilities: IPv6 [true], sendfile [true], accept filters [false], random [true].
2021-01-31 20:48:52,196 [INFO ] [main] org.apache.catalina.core.AprLifecycleListener [DirectJDKLog.java : 173] APR/OpenSSL configuration: useAprConnector [false], useOpenSSL [true]
2021-01-31 20:48:52,298 [INFO ] [main] org.apache.catalina.core.AprLifecycleListener [DirectJDKLog.java : 173] OpenSSL successfully initialized [OpenSSL 1.1.1g  21 Apr 2020]
2021-01-31 20:48:54,443 [INFO ] [main] org.apache.jasper.servlet.TldScanner [DirectJDKLog.java : 173] At least one JAR was scanned for TLDs yet contained no TLDs. Enable debug logging for this logger for a complete list of JARs that were scanned but no TLDs were found in them. Skipping unneeded JARs during scanning can improve startup time and JSP compilation time.
2021-01-31 20:48:54,447 [INFO ] [main] o.a.catalina.core.ContainerBase.[Tomcat].[localhost].[/] [DirectJDKLog.java : 173] Initializing Spring embedded WebApplicationContext
2021-01-31 20:48:54,447 [INFO ] [main] o.s.b.web.servlet.context.ServletWebServerApplicationContext [ServletWebServerApplicationContext.java : 289] Root WebApplicationContext: initialization completed in 15803 ms
2021-01-31 20:48:58,057 [INFO ] [main] o.s.scheduling.concurrent.ThreadPoolTaskExecutor [ExecutorConfigurationSupport.java : 181] Initializing ExecutorService 'applicationTaskExecutor'
2021-01-31 20:49:01,356 [INFO ] [main] org.apache.coyote.http11.Http11NioProtocol [DirectJDKLog.java : 173] Starting ProtocolHandler ["http-nio-8855"]
2021-01-31 20:49:01,754 [INFO ] [main] org.springframework.boot.web.embedded.tomcat.TomcatWebServer [TomcatWebServer.java : 220] Tomcat started on port(s): 8855 (http) with context path ''
2021-01-31 20:49:01,835 [INFO ] [main] com.cheny.springboot.Ch5Application [StartupInfoLogger.java : 61] Started Ch5Application in 32.801 seconds (JVM running for 46.081)
2021-01-31 20:50:01,802 [INFO ] [http-nio-8855-exec-1] o.a.catalina.core.ContainerBase.[Tomcat].[localhost].[/] [DirectJDKLog.java : 173] Initializing Spring DispatcherServlet 'dispatcherServlet'
2021-01-31 20:50:01,803 [INFO ] [http-nio-8855-exec-1] org.springframework.web.servlet.DispatcherServlet [FrameworkServlet.java : 525] Initializing Servlet 'dispatcherServlet'
2021-01-31 20:50:01,805 [INFO ] [http-nio-8855-exec-1] org.springframework.web.servlet.DispatcherServlet [FrameworkServlet.java : 547] Completed initialization in 2 ms
2021-01-31 20:51:30,981 [INFO ] [main] com.cheny.springboot.Ch5Application [StartupInfoLogger.java : 55] Starting Ch5Application using Java 1.8.0_271 on DESKTOP-6JTQ43H with PID 12200 (C:\Users\chenyi\Desktop\homejava\springboot\platform\target\classes started by chenyi in C:\Users\chenyi\Desktop\homejava\springboot\platform)
2021-01-31 20:51:30,986 [INFO ] [main] com.cheny.springboot.Ch5Application [SpringApplication.java : 660] No active profile set, falling back to default profiles: default
2021-01-31 20:51:32,806 [INFO ] [main] o.s.data.repository.config.RepositoryConfigurationDelegate [RepositoryConfigurationDelegate.java : 250] Multiple Spring Data modules found, entering strict repository configuration mode!
2021-01-31 20:51:32,809 [INFO ] [main] o.s.data.repository.config.RepositoryConfigurationDelegate [RepositoryConfigurationDelegate.java : 128] Bootstrapping Spring Data Redis repositories in DEFAULT mode.
2021-01-31 20:51:32,840 [INFO ] [main] o.s.data.repository.config.RepositoryConfigurationDelegate [RepositoryConfigurationDelegate.java : 188] Finished Spring Data repository scanning in 16 ms. Found 0 Redis repository interfaces.
2021-01-31 20:51:34,473 [INFO ] [main] org.springframework.boot.web.embedded.tomcat.TomcatWebServer [TomcatWebServer.java : 108] Tomcat initialized with port(s): 8855 (http)
2021-01-31 20:51:34,522 [INFO ] [main] org.apache.coyote.http11.Http11NioProtocol [DirectJDKLog.java : 173] Initializing ProtocolHandler ["http-nio-8855"]
2021-01-31 20:51:34,524 [INFO ] [main] org.apache.catalina.core.StandardService [DirectJDKLog.java : 173] Starting service [Tomcat]
2021-01-31 20:51:34,525 [INFO ] [main] org.apache.catalina.core.StandardEngine [DirectJDKLog.java : 173] Starting Servlet engine: [Apache Tomcat/9.0.41]
2021-01-31 20:51:34,531 [INFO ] [main] org.apache.catalina.core.AprLifecycleListener [DirectJDKLog.java : 173] Loaded Apache Tomcat Native library [1.2.25] using APR version [1.7.0].
2021-01-31 20:51:34,532 [INFO ] [main] org.apache.catalina.core.AprLifecycleListener [DirectJDKLog.java : 173] APR capabilities: IPv6 [true], sendfile [true], accept filters [false], random [true].
2021-01-31 20:51:34,533 [INFO ] [main] org.apache.catalina.core.AprLifecycleListener [DirectJDKLog.java : 173] APR/OpenSSL configuration: useAprConnector [false], useOpenSSL [true]
2021-01-31 20:51:34,636 [INFO ] [main] org.apache.catalina.core.AprLifecycleListener [DirectJDKLog.java : 173] OpenSSL successfully initialized [OpenSSL 1.1.1g  21 Apr 2020]
2021-01-31 20:51:35,088 [INFO ] [main] org.apache.jasper.servlet.TldScanner [DirectJDKLog.java : 173] At least one JAR was scanned for TLDs yet contained no TLDs. Enable debug logging for this logger for a complete list of JARs that were scanned but no TLDs were found in them. Skipping unneeded JARs during scanning can improve startup time and JSP compilation time.
2021-01-31 20:51:35,092 [INFO ] [main] o.a.catalina.core.ContainerBase.[Tomcat].[localhost].[/] [DirectJDKLog.java : 173] Initializing Spring embedded WebApplicationContext
2021-01-31 20:51:35,092 [INFO ] [main] o.s.b.web.servlet.context.ServletWebServerApplicationContext [ServletWebServerApplicationContext.java : 289] Root WebApplicationContext: initialization completed in 3924 ms
2021-01-31 20:51:36,214 [INFO ] [main] o.s.scheduling.concurrent.ThreadPoolTaskExecutor [ExecutorConfigurationSupport.java : 181] Initializing ExecutorService 'applicationTaskExecutor'
2021-01-31 20:51:37,053 [INFO ] [main] org.apache.coyote.http11.Http11NioProtocol [DirectJDKLog.java : 173] Starting ProtocolHandler ["http-nio-8855"]
2021-01-31 20:51:37,096 [INFO ] [main] org.springframework.boot.web.embedded.tomcat.TomcatWebServer [TomcatWebServer.java : 220] Tomcat started on port(s): 8855 (http) with context path ''
2021-01-31 20:51:37,106 [INFO ] [main] com.cheny.springboot.Ch5Application [StartupInfoLogger.java : 61] Started Ch5Application in 7.378 seconds (JVM running for 11.06)
2021-01-31 20:52:23,346 [INFO ] [http-nio-8855-exec-1] o.a.catalina.core.ContainerBase.[Tomcat].[localhost].[/] [DirectJDKLog.java : 173] Initializing Spring DispatcherServlet 'dispatcherServlet'
2021-01-31 20:52:23,347 [INFO ] [http-nio-8855-exec-1] org.springframework.web.servlet.DispatcherServlet [FrameworkServlet.java : 525] Initializing Servlet 'dispatcherServlet'
2021-01-31 20:52:23,350 [INFO ] [http-nio-8855-exec-1] org.springframework.web.servlet.DispatcherServlet [FrameworkServlet.java : 547] Completed initialization in 2 ms
2021-01-31 20:56:48,763 [INFO ] [main] com.cheny.springboot.Ch5Application [StartupInfoLogger.java : 55] Starting Ch5Application using Java 1.8.0_271 on DESKTOP-6JTQ43H with PID 12280 (C:\Users\chenyi\Desktop\homejava\springboot\platform\target\classes started by chenyi in C:\Users\chenyi\Desktop\homejava\springboot\platform)
2021-01-31 20:56:48,821 [INFO ] [main] com.cheny.springboot.Ch5Application [SpringApplication.java : 660] No active profile set, falling back to default profiles: default
2021-01-31 20:57:03,169 [INFO ] [main] o.s.data.repository.config.RepositoryConfigurationDelegate [RepositoryConfigurationDelegate.java : 250] Multiple Spring Data modules found, entering strict repository configuration mode!
2021-01-31 20:57:03,391 [INFO ] [main] o.s.data.repository.config.RepositoryConfigurationDelegate [RepositoryConfigurationDelegate.java : 128] Bootstrapping Spring Data Redis repositories in DEFAULT mode.
2021-01-31 20:57:04,131 [INFO ] [main] o.s.data.repository.config.RepositoryConfigurationDelegate [RepositoryConfigurationDelegate.java : 188] Finished Spring Data repository scanning in 149 ms. Found 0 Redis repository interfaces.
2021-01-31 20:57:18,691 [INFO ] [main] org.springframework.boot.web.embedded.tomcat.TomcatWebServer [TomcatWebServer.java : 108] Tomcat initialized with port(s): 8855 (http)
2021-01-31 20:57:18,936 [INFO ] [main] org.apache.coyote.http11.Http11NioProtocol [DirectJDKLog.java : 173] Initializing ProtocolHandler ["http-nio-8855"]
2021-01-31 20:57:18,939 [INFO ] [main] org.apache.catalina.core.StandardService [DirectJDKLog.java : 173] Starting service [Tomcat]
2021-01-31 20:57:18,941 [INFO ] [main] org.apache.catalina.core.StandardEngine [DirectJDKLog.java : 173] Starting Servlet engine: [Apache Tomcat/9.0.41]
2021-01-31 20:57:18,947 [INFO ] [main] org.apache.catalina.core.AprLifecycleListener [DirectJDKLog.java : 173] Loaded Apache Tomcat Native library [1.2.25] using APR version [1.7.0].
2021-01-31 20:57:18,948 [INFO ] [main] org.apache.catalina.core.AprLifecycleListener [DirectJDKLog.java : 173] APR capabilities: IPv6 [true], sendfile [true], accept filters [false], random [true].
2021-01-31 20:57:18,948 [INFO ] [main] org.apache.catalina.core.AprLifecycleListener [DirectJDKLog.java : 173] APR/OpenSSL configuration: useAprConnector [false], useOpenSSL [true]
2021-01-31 20:57:20,441 [INFO ] [main] org.apache.catalina.core.AprLifecycleListener [DirectJDKLog.java : 173] OpenSSL successfully initialized [OpenSSL 1.1.1g  21 Apr 2020]
2021-01-31 20:57:23,945 [INFO ] [main] org.apache.jasper.servlet.TldScanner [DirectJDKLog.java : 173] At least one JAR was scanned for TLDs yet contained no TLDs. Enable debug logging for this logger for a complete list of JARs that were scanned but no TLDs were found in them. Skipping unneeded JARs during scanning can improve startup time and JSP compilation time.
2021-01-31 20:57:23,985 [INFO ] [main] o.a.catalina.core.ContainerBase.[Tomcat].[localhost].[/] [DirectJDKLog.java : 173] Initializing Spring embedded WebApplicationContext
2021-01-31 20:57:23,987 [INFO ] [main] o.s.b.web.servlet.context.ServletWebServerApplicationContext [ServletWebServerApplicationContext.java : 289] Root WebApplicationContext: initialization completed in 34431 ms
2021-01-31 20:57:28,543 [INFO ] [main] o.s.scheduling.concurrent.ThreadPoolTaskExecutor [ExecutorConfigurationSupport.java : 181] Initializing ExecutorService 'applicationTaskExecutor'
2021-01-31 20:57:31,775 [INFO ] [main] org.apache.coyote.http11.Http11NioProtocol [DirectJDKLog.java : 173] Starting ProtocolHandler ["http-nio-8855"]
2021-01-31 20:57:31,850 [INFO ] [main] org.springframework.boot.web.embedded.tomcat.TomcatWebServer [TomcatWebServer.java : 220] Tomcat started on port(s): 8855 (http) with context path ''
2021-01-31 20:57:31,886 [INFO ] [main] com.cheny.springboot.Ch5Application [StartupInfoLogger.java : 61] Started Ch5Application in 50.123 seconds (JVM running for 55.886)
2021-01-31 20:57:40,221 [INFO ] [http-nio-8855-exec-1] o.a.catalina.core.ContainerBase.[Tomcat].[localhost].[/] [DirectJDKLog.java : 173] Initializing Spring DispatcherServlet 'dispatcherServlet'
2021-01-31 20:57:40,223 [INFO ] [http-nio-8855-exec-1] org.springframework.web.servlet.DispatcherServlet [FrameworkServlet.java : 525] Initializing Servlet 'dispatcherServlet'
2021-01-31 20:57:40,228 [INFO ] [http-nio-8855-exec-1] org.springframework.web.servlet.DispatcherServlet [FrameworkServlet.java : 547] Completed initialization in 3 ms
2021-01-31 20:57:56,198 [INFO ] [http-nio-8855-exec-6] com.zaxxer.hikari.HikariDataSource [HikariDataSource.java : 110] HikariPool-1 - Starting...
2021-01-31 20:57:57,113 [INFO ] [http-nio-8855-exec-6] com.zaxxer.hikari.HikariDataSource [HikariDataSource.java : 123] HikariPool-1 - Start completed.
2021-01-31 20:57:57,239 [ERROR] [http-nio-8855-exec-6] o.a.c.c.C.[Tomcat].[localhost].[/].[dispatcherServlet] [DirectJDKLog.java : 175] Servlet.service() for servlet [dispatcherServlet] in context with path [] threw exception [Request processing failed; nested exception is java.lang.NullPointerException] with root cause
java.lang.NullPointerException: null
	at com.cheny.springboot.service.impl.Myserviceimpl.querybynamepass(Myserviceimpl.java:24)
	at com.cheny.springboot.service.impl.Myserviceimpl$$FastClassBySpringCGLIB$$b3f83833.invoke(<generated>)
	at org.springframework.cglib.proxy.MethodProxy.invoke(MethodProxy.java:218)
	at org.springframework.aop.framework.CglibAopProxy$CglibMethodInvocation.invokeJoinpoint(CglibAopProxy.java:779)
	at org.springframework.aop.framework.ReflectiveMethodInvocation.proceed(ReflectiveMethodInvocation.java:163)
	at org.springframework.aop.framework.CglibAopProxy$CglibMethodInvocation.proceed(CglibAopProxy.java:750)
	at org.springframework.transaction.interceptor.TransactionInterceptor$1.proceedWithInvocation(TransactionInterceptor.java:123)
	at org.springframework.transaction.interceptor.TransactionAspectSupport.invokeWithinTransaction(TransactionAspectSupport.java:388)
	at org.springframework.transaction.interceptor.TransactionInterceptor.invoke(TransactionInterceptor.java:119)
	at org.springframework.aop.framework.ReflectiveMethodInvocation.proceed(ReflectiveMethodInvocation.java:186)
	at org.springframework.aop.framework.CglibAopProxy$CglibMethodInvocation.proceed(CglibAopProxy.java:750)
	at org.springframework.aop.framework.CglibAopProxy$DynamicAdvisedInterceptor.intercept(CglibAopProxy.java:692)
	at com.cheny.springboot.service.impl.Myserviceimpl$$EnhancerBySpringCGLIB$$f6a4daf8.querybynamepass(<generated>)
	at com.cheny.springboot.Controller.UserController.login(UserController.java:21)
	at sun.reflect.NativeMethodAccessorImpl.invoke0(Native Method)
	at sun.reflect.NativeMethodAccessorImpl.invoke(NativeMethodAccessorImpl.java:62)
	at sun.reflect.DelegatingMethodAccessorImpl.invoke(DelegatingMethodAccessorImpl.java:43)
	at java.lang.reflect.Method.invoke(Method.java:498)
	at org.springframework.web.method.support.InvocableHandlerMethod.doInvoke(InvocableHandlerMethod.java:197)
	at org.springframework.web.method.support.InvocableHandlerMethod.invokeForRequest(InvocableHandlerMethod.java:141)
	at org.springframework.web.servlet.mvc.method.annotation.ServletInvocableHandlerMethod.invokeAndHandle(ServletInvocableHandlerMethod.java:106)
	at org.springframework.web.servlet.mvc.method.annotation.RequestMappingHandlerAdapter.invokeHandlerMethod(RequestMappingHandlerAdapter.java:894)
	at org.springframework.web.servlet.mvc.method.annotation.RequestMappingHandlerAdapter.handleInternal(RequestMappingHandlerAdapter.java:808)
	at org.springframework.web.servlet.mvc.method.AbstractHandlerMethodAdapter.handle(AbstractHandlerMethodAdapter.java:87)
	at org.springframework.web.servlet.DispatcherServlet.doDispatch(DispatcherServlet.java:1060)
	at org.springframework.web.servlet.DispatcherServlet.doService(DispatcherServlet.java:962)
	at org.springframework.web.servlet.FrameworkServlet.processRequest(FrameworkServlet.java:1006)
	at org.springframework.web.servlet.FrameworkServlet.doGet(FrameworkServlet.java:898)
	at javax.servlet.http.HttpServlet.service(HttpServlet.java:626)
	at org.springframework.web.servlet.FrameworkServlet.service(FrameworkServlet.java:883)
	at javax.servlet.http.HttpServlet.service(HttpServlet.java:733)
	at org.apache.catalina.core.ApplicationFilterChain.internalDoFilter(ApplicationFilterChain.java:231)
	at org.apache.catalina.core.ApplicationFilterChain.doFilter(ApplicationFilterChain.java:166)
	at org.apache.tomcat.websocket.server.WsFilter.doFilter(WsFilter.java:53)
	at org.apache.catalina.core.ApplicationFilterChain.internalDoFilter(ApplicationFilterChain.java:193)
	at org.apache.catalina.core.ApplicationFilterChain.doFilter(ApplicationFilterChain.java:166)
	at com.cheny.springboot.Filter.Myfilter.doFilter(Myfilter.java:17)
	at org.apache.catalina.core.ApplicationFilterChain.internalDoFilter(ApplicationFilterChain.java:193)
	at org.apache.catalina.core.ApplicationFilterChain.doFilter(ApplicationFilterChain.java:166)
	at org.springframework.web.filter.RequestContextFilter.doFilterInternal(RequestContextFilter.java:100)
	at org.springframework.web.filter.OncePerRequestFilter.doFilter(OncePerRequestFilter.java:119)
	at org.apache.catalina.core.ApplicationFilterChain.internalDoFilter(ApplicationFilterChain.java:193)
	at org.apache.catalina.core.ApplicationFilterChain.doFilter(ApplicationFilterChain.java:166)
	at org.springframework.web.filter.FormContentFilter.doFilterInternal(FormContentFilter.java:93)
	at org.springframework.web.filter.OncePerRequestFilter.doFilter(OncePerRequestFilter.java:119)
	at org.apache.catalina.core.ApplicationFilterChain.internalDoFilter(ApplicationFilterChain.java:193)
	at org.apache.catalina.core.ApplicationFilterChain.doFilter(ApplicationFilterChain.java:166)
	at org.springframework.web.filter.CharacterEncodingFilter.doFilterInternal(CharacterEncodingFilter.java:201)
	at org.springframework.web.filter.OncePerRequestFilter.doFilter(OncePerRequestFilter.java:119)
	at org.apache.catalina.core.ApplicationFilterChain.internalDoFilter(ApplicationFilterChain.java:193)
	at org.apache.catalina.core.ApplicationFilterChain.doFilter(ApplicationFilterChain.java:166)
	at org.apache.catalina.core.StandardWrapperValve.invoke(StandardWrapperValve.java:202)
	at org.apache.catalina.core.StandardContextValve.invoke(StandardContextValve.java:97)
	at org.apache.catalina.authenticator.AuthenticatorBase.invoke(AuthenticatorBase.java:542)
	at org.apache.catalina.core.StandardHostValve.invoke(StandardHostValve.java:143)
	at org.apache.catalina.valves.ErrorReportValve.invoke(ErrorReportValve.java:92)
	at org.apache.catalina.core.StandardEngineValve.invoke(StandardEngineValve.java:78)
	at org.apache.catalina.connector.CoyoteAdapter.service(CoyoteAdapter.java:343)
	at org.apache.coyote.http11.Http11Processor.service(Http11Processor.java:374)
	at org.apache.coyote.AbstractProcessorLight.process(AbstractProcessorLight.java:65)
	at org.apache.coyote.AbstractProtocol$ConnectionHandler.process(AbstractProtocol.java:888)
	at org.apache.tomcat.util.net.NioEndpoint$SocketProcessor.doRun(NioEndpoint.java:1597)
	at org.apache.tomcat.util.net.SocketProcessorBase.run(SocketProcessorBase.java:49)
	at java.util.concurrent.ThreadPoolExecutor.runWorker(ThreadPoolExecutor.java:1149)
	at java.util.concurrent.ThreadPoolExecutor$Worker.run(ThreadPoolExecutor.java:624)
	at org.apache.tomcat.util.threads.TaskThread$WrappingRunnable.run(TaskThread.java:61)
	at java.lang.Thread.run(Thread.java:748)
2021-01-31 20:58:08,662 [ERROR] [http-nio-8855-exec-10] o.a.c.c.C.[Tomcat].[localhost].[/].[dispatcherServlet] [DirectJDKLog.java : 175] Servlet.service() for servlet [dispatcherServlet] in context with path [] threw exception [Request processing failed; nested exception is java.lang.NullPointerException] with root cause
java.lang.NullPointerException: null
	at com.cheny.springboot.service.impl.Myserviceimpl.querybynamepass(Myserviceimpl.java:24)
	at com.cheny.springboot.service.impl.Myserviceimpl$$FastClassBySpringCGLIB$$b3f83833.invoke(<generated>)
	at org.springframework.cglib.proxy.MethodProxy.invoke(MethodProxy.java:218)
	at org.springframework.aop.framework.CglibAopProxy$CglibMethodInvocation.invokeJoinpoint(CglibAopProxy.java:779)
	at org.springframework.aop.framework.ReflectiveMethodInvocation.proceed(ReflectiveMethodInvocation.java:163)
	at org.springframework.aop.framework.CglibAopProxy$CglibMethodInvocation.proceed(CglibAopProxy.java:750)
	at org.springframework.transaction.interceptor.TransactionInterceptor$1.proceedWithInvocation(TransactionInterceptor.java:123)
	at org.springframework.transaction.interceptor.TransactionAspectSupport.invokeWithinTransaction(TransactionAspectSupport.java:388)
	at org.springframework.transaction.interceptor.TransactionInterceptor.invoke(TransactionInterceptor.java:119)
	at org.springframework.aop.framework.ReflectiveMethodInvocation.proceed(ReflectiveMethodInvocation.java:186)
	at org.springframework.aop.framework.CglibAopProxy$CglibMethodInvocation.proceed(CglibAopProxy.java:750)
	at org.springframework.aop.framework.CglibAopProxy$DynamicAdvisedInterceptor.intercept(CglibAopProxy.java:692)
	at com.cheny.springboot.service.impl.Myserviceimpl$$EnhancerBySpringCGLIB$$f6a4daf8.querybynamepass(<generated>)
	at com.cheny.springboot.Controller.UserController.login(UserController.java:21)
	at sun.reflect.NativeMethodAccessorImpl.invoke0(Native Method)
	at sun.reflect.NativeMethodAccessorImpl.invoke(NativeMethodAccessorImpl.java:62)
	at sun.reflect.DelegatingMethodAccessorImpl.invoke(DelegatingMethodAccessorImpl.java:43)
	at java.lang.reflect.Method.invoke(Method.java:498)
	at org.springframework.web.method.support.InvocableHandlerMethod.doInvoke(InvocableHandlerMethod.java:197)
	at org.springframework.web.method.support.InvocableHandlerMethod.invokeForRequest(InvocableHandlerMethod.java:141)
	at org.springframework.web.servlet.mvc.method.annotation.ServletInvocableHandlerMethod.invokeAndHandle(ServletInvocableHandlerMethod.java:106)
	at org.springframework.web.servlet.mvc.method.annotation.RequestMappingHandlerAdapter.invokeHandlerMethod(RequestMappingHandlerAdapter.java:894)
	at org.springframework.web.servlet.mvc.method.annotation.RequestMappingHandlerAdapter.handleInternal(RequestMappingHandlerAdapter.java:808)
	at org.springframework.web.servlet.mvc.method.AbstractHandlerMethodAdapter.handle(AbstractHandlerMethodAdapter.java:87)
	at org.springframework.web.servlet.DispatcherServlet.doDispatch(DispatcherServlet.java:1060)
	at org.springframework.web.servlet.DispatcherServlet.doService(DispatcherServlet.java:962)
	at org.springframework.web.servlet.FrameworkServlet.processRequest(FrameworkServlet.java:1006)
	at org.springframework.web.servlet.FrameworkServlet.doGet(FrameworkServlet.java:898)
	at javax.servlet.http.HttpServlet.service(HttpServlet.java:626)
	at org.springframework.web.servlet.FrameworkServlet.service(FrameworkServlet.java:883)
	at javax.servlet.http.HttpServlet.service(HttpServlet.java:733)
	at org.apache.catalina.core.ApplicationFilterChain.internalDoFilter(ApplicationFilterChain.java:231)
	at org.apache.catalina.core.ApplicationFilterChain.doFilter(ApplicationFilterChain.java:166)
	at org.apache.tomcat.websocket.server.WsFilter.doFilter(WsFilter.java:53)
	at org.apache.catalina.core.ApplicationFilterChain.internalDoFilter(ApplicationFilterChain.java:193)
	at org.apache.catalina.core.ApplicationFilterChain.doFilter(ApplicationFilterChain.java:166)
	at com.cheny.springboot.Filter.Myfilter.doFilter(Myfilter.java:17)
	at org.apache.catalina.core.ApplicationFilterChain.internalDoFilter(ApplicationFilterChain.java:193)
	at org.apache.catalina.core.ApplicationFilterChain.doFilter(ApplicationFilterChain.java:166)
	at org.springframework.web.filter.RequestContextFilter.doFilterInternal(RequestContextFilter.java:100)
	at org.springframework.web.filter.OncePerRequestFilter.doFilter(OncePerRequestFilter.java:119)
	at org.apache.catalina.core.ApplicationFilterChain.internalDoFilter(ApplicationFilterChain.java:193)
	at org.apache.catalina.core.ApplicationFilterChain.doFilter(ApplicationFilterChain.java:166)
	at org.springframework.web.filter.FormContentFilter.doFilterInternal(FormContentFilter.java:93)
	at org.springframework.web.filter.OncePerRequestFilter.doFilter(OncePerRequestFilter.java:119)
	at org.apache.catalina.core.ApplicationFilterChain.internalDoFilter(ApplicationFilterChain.java:193)
	at org.apache.catalina.core.ApplicationFilterChain.doFilter(ApplicationFilterChain.java:166)
	at org.springframework.web.filter.CharacterEncodingFilter.doFilterInternal(CharacterEncodingFilter.java:201)
	at org.springframework.web.filter.OncePerRequestFilter.doFilter(OncePerRequestFilter.java:119)
	at org.apache.catalina.core.ApplicationFilterChain.internalDoFilter(ApplicationFilterChain.java:193)
	at org.apache.catalina.core.ApplicationFilterChain.doFilter(ApplicationFilterChain.java:166)
	at org.apache.catalina.core.StandardWrapperValve.invoke(StandardWrapperValve.java:202)
	at org.apache.catalina.core.StandardContextValve.invoke(StandardContextValve.java:97)
	at org.apache.catalina.authenticator.AuthenticatorBase.invoke(AuthenticatorBase.java:542)
	at org.apache.catalina.core.StandardHostValve.invoke(StandardHostValve.java:143)
	at org.apache.catalina.valves.ErrorReportValve.invoke(ErrorReportValve.java:92)
	at org.apache.catalina.core.StandardEngineValve.invoke(StandardEngineValve.java:78)
	at org.apache.catalina.connector.CoyoteAdapter.service(CoyoteAdapter.java:343)
	at org.apache.coyote.http11.Http11Processor.service(Http11Processor.java:374)
	at org.apache.coyote.AbstractProcessorLight.process(AbstractProcessorLight.java:65)
	at org.apache.coyote.AbstractProtocol$ConnectionHandler.process(AbstractProtocol.java:888)
	at org.apache.tomcat.util.net.NioEndpoint$SocketProcessor.doRun(NioEndpoint.java:1597)
	at org.apache.tomcat.util.net.SocketProcessorBase.run(SocketProcessorBase.java:49)
	at java.util.concurrent.ThreadPoolExecutor.runWorker(ThreadPoolExecutor.java:1149)
	at java.util.concurrent.ThreadPoolExecutor$Worker.run(ThreadPoolExecutor.java:624)
	at org.apache.tomcat.util.threads.TaskThread$WrappingRunnable.run(TaskThread.java:61)
	at java.lang.Thread.run(Thread.java:748)
2021-01-31 21:00:40,055 [INFO ] [main] com.cheny.springboot.Ch5Application [StartupInfoLogger.java : 55] Starting Ch5Application using Java 1.8.0_271 on DESKTOP-6JTQ43H with PID 14816 (C:\Users\chenyi\Desktop\homejava\springboot\platform\target\classes started by chenyi in C:\Users\chenyi\Desktop\homejava\springboot\platform)
2021-01-31 21:00:40,111 [INFO ] [main] com.cheny.springboot.Ch5Application [SpringApplication.java : 660] No active profile set, falling back to default profiles: default
2021-01-31 21:00:49,388 [INFO ] [main] o.s.data.repository.config.RepositoryConfigurationDelegate [RepositoryConfigurationDelegate.java : 250] Multiple Spring Data modules found, entering strict repository configuration mode!
2021-01-31 21:00:49,450 [INFO ] [main] o.s.data.repository.config.RepositoryConfigurationDelegate [RepositoryConfigurationDelegate.java : 128] Bootstrapping Spring Data Redis repositories in DEFAULT mode.
2021-01-31 21:00:49,918 [INFO ] [main] o.s.data.repository.config.RepositoryConfigurationDelegate [RepositoryConfigurationDelegate.java : 188] Finished Spring Data repository scanning in 58 ms. Found 0 Redis repository interfaces.
2021-01-31 21:00:57,156 [INFO ] [main] org.springframework.boot.web.embedded.tomcat.TomcatWebServer [TomcatWebServer.java : 108] Tomcat initialized with port(s): 8855 (http)
2021-01-31 21:00:57,291 [INFO ] [main] org.apache.coyote.http11.Http11NioProtocol [DirectJDKLog.java : 173] Initializing ProtocolHandler ["http-nio-8855"]
2021-01-31 21:00:57,292 [INFO ] [main] org.apache.catalina.core.StandardService [DirectJDKLog.java : 173] Starting service [Tomcat]
2021-01-31 21:00:57,292 [INFO ] [main] org.apache.catalina.core.StandardEngine [DirectJDKLog.java : 173] Starting Servlet engine: [Apache Tomcat/9.0.41]
2021-01-31 21:00:57,294 [INFO ] [main] org.apache.catalina.core.AprLifecycleListener [DirectJDKLog.java : 173] Loaded Apache Tomcat Native library [1.2.25] using APR version [1.7.0].
2021-01-31 21:00:57,294 [INFO ] [main] org.apache.catalina.core.AprLifecycleListener [DirectJDKLog.java : 173] APR capabilities: IPv6 [true], sendfile [true], accept filters [false], random [true].
2021-01-31 21:00:57,295 [INFO ] [main] org.apache.catalina.core.AprLifecycleListener [DirectJDKLog.java : 173] APR/OpenSSL configuration: useAprConnector [false], useOpenSSL [true]
2021-01-31 21:00:57,459 [INFO ] [main] org.apache.catalina.core.AprLifecycleListener [DirectJDKLog.java : 173] OpenSSL successfully initialized [OpenSSL 1.1.1g  21 Apr 2020]
2021-01-31 21:00:59,150 [INFO ] [main] org.apache.jasper.servlet.TldScanner [DirectJDKLog.java : 173] At least one JAR was scanned for TLDs yet contained no TLDs. Enable debug logging for this logger for a complete list of JARs that were scanned but no TLDs were found in them. Skipping unneeded JARs during scanning can improve startup time and JSP compilation time.
2021-01-31 21:00:59,154 [INFO ] [main] o.a.catalina.core.ContainerBase.[Tomcat].[localhost].[/] [DirectJDKLog.java : 173] Initializing Spring embedded WebApplicationContext
2021-01-31 21:00:59,154 [INFO ] [main] o.s.b.web.servlet.context.ServletWebServerApplicationContext [ServletWebServerApplicationContext.java : 289] Root WebApplicationContext: initialization completed in 18409 ms
2021-01-31 21:01:00,038 [INFO ] [main] o.s.scheduling.concurrent.ThreadPoolTaskExecutor [ExecutorConfigurationSupport.java : 181] Initializing ExecutorService 'applicationTaskExecutor'
2021-01-31 21:01:04,612 [INFO ] [main] org.apache.coyote.http11.Http11NioProtocol [DirectJDKLog.java : 173] Starting ProtocolHandler ["http-nio-8855"]
2021-01-31 21:01:04,682 [INFO ] [main] org.springframework.boot.web.embedded.tomcat.TomcatWebServer [TomcatWebServer.java : 220] Tomcat started on port(s): 8855 (http) with context path ''
2021-01-31 21:01:04,702 [INFO ] [main] com.cheny.springboot.Ch5Application [StartupInfoLogger.java : 61] Started Ch5Application in 28.186 seconds (JVM running for 32.239)
2021-01-31 21:01:11,739 [INFO ] [http-nio-8855-exec-1] o.a.catalina.core.ContainerBase.[Tomcat].[localhost].[/] [DirectJDKLog.java : 173] Initializing Spring DispatcherServlet 'dispatcherServlet'
2021-01-31 21:01:11,741 [INFO ] [http-nio-8855-exec-1] org.springframework.web.servlet.DispatcherServlet [FrameworkServlet.java : 525] Initializing Servlet 'dispatcherServlet'
2021-01-31 21:01:11,743 [INFO ] [http-nio-8855-exec-1] org.springframework.web.servlet.DispatcherServlet [FrameworkServlet.java : 547] Completed initialization in 2 ms
2021-01-31 21:01:16,583 [INFO ] [http-nio-8855-exec-5] com.zaxxer.hikari.HikariDataSource [HikariDataSource.java : 110] HikariPool-1 - Starting...
2021-01-31 21:01:16,917 [INFO ] [http-nio-8855-exec-5] com.zaxxer.hikari.HikariDataSource [HikariDataSource.java : 123] HikariPool-1 - Start completed.
2021-01-31 21:08:37,032 [INFO ] [main] com.cheny.springboot.Ch5Application [StartupInfoLogger.java : 55] Starting Ch5Application using Java 1.8.0_271 on DESKTOP-6JTQ43H with PID 13376 (C:\Users\chenyi\Desktop\homejava\springboot\platform\target\classes started by chenyi in C:\Users\chenyi\Desktop\homejava\springboot\platform)
2021-01-31 21:08:37,038 [INFO ] [main] com.cheny.springboot.Ch5Application [SpringApplication.java : 660] No active profile set, falling back to default profiles: default
2021-01-31 21:08:44,347 [INFO ] [main] o.s.data.repository.config.RepositoryConfigurationDelegate [RepositoryConfigurationDelegate.java : 250] Multiple Spring Data modules found, entering strict repository configuration mode!
2021-01-31 21:08:44,366 [INFO ] [main] o.s.data.repository.config.RepositoryConfigurationDelegate [RepositoryConfigurationDelegate.java : 128] Bootstrapping Spring Data Redis repositories in DEFAULT mode.
2021-01-31 21:08:44,615 [INFO ] [main] o.s.data.repository.config.RepositoryConfigurationDelegate [RepositoryConfigurationDelegate.java : 188] Finished Spring Data repository scanning in 63 ms. Found 0 Redis repository interfaces.
2021-01-31 21:08:46,540 [INFO ] [main] org.springframework.boot.web.embedded.tomcat.TomcatWebServer [TomcatWebServer.java : 108] Tomcat initialized with port(s): 8855 (http)
2021-01-31 21:08:46,567 [INFO ] [main] org.apache.coyote.http11.Http11NioProtocol [DirectJDKLog.java : 173] Initializing ProtocolHandler ["http-nio-8855"]
2021-01-31 21:08:46,567 [INFO ] [main] org.apache.catalina.core.StandardService [DirectJDKLog.java : 173] Starting service [Tomcat]
2021-01-31 21:08:46,568 [INFO ] [main] org.apache.catalina.core.StandardEngine [DirectJDKLog.java : 173] Starting Servlet engine: [Apache Tomcat/9.0.41]
2021-01-31 21:08:46,570 [INFO ] [main] org.apache.catalina.core.AprLifecycleListener [DirectJDKLog.java : 173] Loaded Apache Tomcat Native library [1.2.25] using APR version [1.7.0].
2021-01-31 21:08:46,570 [INFO ] [main] org.apache.catalina.core.AprLifecycleListener [DirectJDKLog.java : 173] APR capabilities: IPv6 [true], sendfile [true], accept filters [false], random [true].
2021-01-31 21:08:46,571 [INFO ] [main] org.apache.catalina.core.AprLifecycleListener [DirectJDKLog.java : 173] APR/OpenSSL configuration: useAprConnector [false], useOpenSSL [true]
2021-01-31 21:08:46,681 [INFO ] [main] org.apache.catalina.core.AprLifecycleListener [DirectJDKLog.java : 173] OpenSSL successfully initialized [OpenSSL 1.1.1g  21 Apr 2020]
2021-01-31 21:08:47,565 [INFO ] [main] org.apache.jasper.servlet.TldScanner [DirectJDKLog.java : 173] At least one JAR was scanned for TLDs yet contained no TLDs. Enable debug logging for this logger for a complete list of JARs that were scanned but no TLDs were found in them. Skipping unneeded JARs during scanning can improve startup time and JSP compilation time.
2021-01-31 21:08:47,583 [INFO ] [main] o.a.catalina.core.ContainerBase.[Tomcat].[localhost].[/] [DirectJDKLog.java : 173] Initializing Spring embedded WebApplicationContext
2021-01-31 21:08:47,584 [INFO ] [main] o.s.b.web.servlet.context.ServletWebServerApplicationContext [ServletWebServerApplicationContext.java : 289] Root WebApplicationContext: initialization completed in 10440 ms
2021-01-31 21:08:49,234 [INFO ] [main] o.s.scheduling.concurrent.ThreadPoolTaskExecutor [ExecutorConfigurationSupport.java : 181] Initializing ExecutorService 'applicationTaskExecutor'
2021-01-31 21:08:51,505 [INFO ] [main] org.apache.coyote.http11.Http11NioProtocol [DirectJDKLog.java : 173] Starting ProtocolHandler ["http-nio-8855"]
2021-01-31 21:08:51,625 [INFO ] [main] org.springframework.boot.web.embedded.tomcat.TomcatWebServer [TomcatWebServer.java : 220] Tomcat started on port(s): 8855 (http) with context path ''
2021-01-31 21:08:51,669 [INFO ] [main] com.cheny.springboot.Ch5Application [StartupInfoLogger.java : 61] Started Ch5Application in 15.814 seconds (JVM running for 17.703)
2021-01-31 21:09:05,304 [INFO ] [http-nio-8855-exec-1] o.a.catalina.core.ContainerBase.[Tomcat].[localhost].[/] [DirectJDKLog.java : 173] Initializing Spring DispatcherServlet 'dispatcherServlet'
2021-01-31 21:09:05,305 [INFO ] [http-nio-8855-exec-1] org.springframework.web.servlet.DispatcherServlet [FrameworkServlet.java : 525] Initializing Servlet 'dispatcherServlet'
2021-01-31 21:09:05,309 [INFO ] [http-nio-8855-exec-1] org.springframework.web.servlet.DispatcherServlet [FrameworkServlet.java : 547] Completed initialization in 4 ms
2021-01-31 21:09:05,528 [INFO ] [http-nio-8855-exec-1] com.zaxxer.hikari.HikariDataSource [HikariDataSource.java : 110] HikariPool-1 - Starting...
2021-01-31 21:09:06,359 [INFO ] [http-nio-8855-exec-1] com.zaxxer.hikari.HikariDataSource [HikariDataSource.java : 123] HikariPool-1 - Start completed.
2021-01-31 21:19:51,380 [INFO ] [main] com.cheny.springboot.Ch5Application [StartupInfoLogger.java : 55] Starting Ch5Application using Java 1.8.0_271 on DESKTOP-6JTQ43H with PID 8752 (C:\Users\chenyi\Desktop\homejava\springboot\platform\target\classes started by chenyi in C:\Users\chenyi\Desktop\homejava\springboot\platform)
2021-01-31 21:19:51,434 [INFO ] [main] com.cheny.springboot.Ch5Application [SpringApplication.java : 660] No active profile set, falling back to default profiles: default
2021-01-31 21:20:03,309 [INFO ] [main] o.s.data.repository.config.RepositoryConfigurationDelegate [RepositoryConfigurationDelegate.java : 250] Multiple Spring Data modules found, entering strict repository configuration mode!
2021-01-31 21:20:03,316 [INFO ] [main] o.s.data.repository.config.RepositoryConfigurationDelegate [RepositoryConfigurationDelegate.java : 128] Bootstrapping Spring Data Redis repositories in DEFAULT mode.
2021-01-31 21:20:03,678 [INFO ] [main] o.s.data.repository.config.RepositoryConfigurationDelegate [RepositoryConfigurationDelegate.java : 188] Finished Spring Data repository scanning in 221 ms. Found 0 Redis repository interfaces.
2021-01-31 21:20:15,878 [INFO ] [main] org.springframework.boot.web.embedded.tomcat.TomcatWebServer [TomcatWebServer.java : 108] Tomcat initialized with port(s): 8855 (http)
2021-01-31 21:20:16,102 [INFO ] [main] org.apache.coyote.http11.Http11NioProtocol [DirectJDKLog.java : 173] Initializing ProtocolHandler ["http-nio-8855"]
2021-01-31 21:20:16,104 [INFO ] [main] org.apache.catalina.core.StandardService [DirectJDKLog.java : 173] Starting service [Tomcat]
2021-01-31 21:20:16,105 [INFO ] [main] org.apache.catalina.core.StandardEngine [DirectJDKLog.java : 173] Starting Servlet engine: [Apache Tomcat/9.0.41]
2021-01-31 21:20:16,110 [INFO ] [main] org.apache.catalina.core.AprLifecycleListener [DirectJDKLog.java : 173] Loaded Apache Tomcat Native library [1.2.25] using APR version [1.7.0].
2021-01-31 21:20:16,111 [INFO ] [main] org.apache.catalina.core.AprLifecycleListener [DirectJDKLog.java : 173] APR capabilities: IPv6 [true], sendfile [true], accept filters [false], random [true].
2021-01-31 21:20:16,112 [INFO ] [main] org.apache.catalina.core.AprLifecycleListener [DirectJDKLog.java : 173] APR/OpenSSL configuration: useAprConnector [false], useOpenSSL [true]
2021-01-31 21:20:17,276 [INFO ] [main] org.apache.catalina.core.AprLifecycleListener [DirectJDKLog.java : 173] OpenSSL successfully initialized [OpenSSL 1.1.1g  21 Apr 2020]
2021-01-31 21:20:20,115 [INFO ] [main] org.apache.jasper.servlet.TldScanner [DirectJDKLog.java : 173] At least one JAR was scanned for TLDs yet contained no TLDs. Enable debug logging for this logger for a complete list of JARs that were scanned but no TLDs were found in them. Skipping unneeded JARs during scanning can improve startup time and JSP compilation time.
2021-01-31 21:20:20,148 [INFO ] [main] o.a.catalina.core.ContainerBase.[Tomcat].[localhost].[/] [DirectJDKLog.java : 173] Initializing Spring embedded WebApplicationContext
2021-01-31 21:20:20,149 [INFO ] [main] o.s.b.web.servlet.context.ServletWebServerApplicationContext [ServletWebServerApplicationContext.java : 289] Root WebApplicationContext: initialization completed in 27824 ms
2021-01-31 21:20:26,069 [INFO ] [main] o.s.scheduling.concurrent.ThreadPoolTaskExecutor [ExecutorConfigurationSupport.java : 181] Initializing ExecutorService 'applicationTaskExecutor'
2021-01-31 21:20:34,143 [INFO ] [main] org.apache.coyote.http11.Http11NioProtocol [DirectJDKLog.java : 173] Starting ProtocolHandler ["http-nio-8855"]
2021-01-31 21:20:34,298 [INFO ] [main] org.springframework.boot.web.embedded.tomcat.TomcatWebServer [TomcatWebServer.java : 220] Tomcat started on port(s): 8855 (http) with context path ''
2021-01-31 21:20:34,330 [INFO ] [main] com.cheny.springboot.Ch5Application [StartupInfoLogger.java : 61] Started Ch5Application in 55.743 seconds (JVM running for 65.712)
2021-01-31 21:20:59,295 [INFO ] [http-nio-8855-exec-3] o.a.catalina.core.ContainerBase.[Tomcat].[localhost].[/] [DirectJDKLog.java : 173] Initializing Spring DispatcherServlet 'dispatcherServlet'
2021-01-31 21:20:59,296 [INFO ] [http-nio-8855-exec-3] org.springframework.web.servlet.DispatcherServlet [FrameworkServlet.java : 525] Initializing Servlet 'dispatcherServlet'
2021-01-31 21:20:59,297 [INFO ] [http-nio-8855-exec-3] org.springframework.web.servlet.DispatcherServlet [FrameworkServlet.java : 547] Completed initialization in 1 ms
2021-01-31 21:28:26,801 [INFO ] [main] com.cheny.springboot.Ch5Application [StartupInfoLogger.java : 55] Starting Ch5Application using Java 1.8.0_271 on DESKTOP-6JTQ43H with PID 10544 (C:\Users\chenyi\Desktop\homejava\springboot\platform\target\classes started by chenyi in C:\Users\chenyi\Desktop\homejava\springboot\platform)
2021-01-31 21:28:26,868 [INFO ] [main] com.cheny.springboot.Ch5Application [SpringApplication.java : 660] No active profile set, falling back to default profiles: default
2021-01-31 21:28:35,730 [INFO ] [main] o.s.data.repository.config.RepositoryConfigurationDelegate [RepositoryConfigurationDelegate.java : 250] Multiple Spring Data modules found, entering strict repository configuration mode!
2021-01-31 21:28:35,757 [INFO ] [main] o.s.data.repository.config.RepositoryConfigurationDelegate [RepositoryConfigurationDelegate.java : 128] Bootstrapping Spring Data Redis repositories in DEFAULT mode.
2021-01-31 21:28:35,937 [INFO ] [main] o.s.data.repository.config.RepositoryConfigurationDelegate [RepositoryConfigurationDelegate.java : 188] Finished Spring Data repository scanning in 42 ms. Found 0 Redis repository interfaces.
2021-01-31 21:28:39,274 [INFO ] [main] org.springframework.boot.web.embedded.tomcat.TomcatWebServer [TomcatWebServer.java : 108] Tomcat initialized with port(s): 8855 (http)
2021-01-31 21:28:39,319 [INFO ] [main] org.apache.coyote.http11.Http11NioProtocol [DirectJDKLog.java : 173] Initializing ProtocolHandler ["http-nio-8855"]
2021-01-31 21:28:39,319 [INFO ] [main] org.apache.catalina.core.StandardService [DirectJDKLog.java : 173] Starting service [Tomcat]
2021-01-31 21:28:39,320 [INFO ] [main] org.apache.catalina.core.StandardEngine [DirectJDKLog.java : 173] Starting Servlet engine: [Apache Tomcat/9.0.41]
2021-01-31 21:28:39,322 [INFO ] [main] org.apache.catalina.core.AprLifecycleListener [DirectJDKLog.java : 173] Loaded Apache Tomcat Native library [1.2.25] using APR version [1.7.0].
2021-01-31 21:28:39,322 [INFO ] [main] org.apache.catalina.core.AprLifecycleListener [DirectJDKLog.java : 173] APR capabilities: IPv6 [true], sendfile [true], accept filters [false], random [true].
2021-01-31 21:28:39,322 [INFO ] [main] org.apache.catalina.core.AprLifecycleListener [DirectJDKLog.java : 173] APR/OpenSSL configuration: useAprConnector [false], useOpenSSL [true]
2021-01-31 21:28:39,441 [INFO ] [main] org.apache.catalina.core.AprLifecycleListener [DirectJDKLog.java : 173] OpenSSL successfully initialized [OpenSSL 1.1.1g  21 Apr 2020]
2021-01-31 21:28:40,270 [INFO ] [main] org.apache.jasper.servlet.TldScanner [DirectJDKLog.java : 173] At least one JAR was scanned for TLDs yet contained no TLDs. Enable debug logging for this logger for a complete list of JARs that were scanned but no TLDs were found in them. Skipping unneeded JARs during scanning can improve startup time and JSP compilation time.
2021-01-31 21:28:40,291 [INFO ] [main] o.a.catalina.core.ContainerBase.[Tomcat].[localhost].[/] [DirectJDKLog.java : 173] Initializing Spring embedded WebApplicationContext
2021-01-31 21:28:40,291 [INFO ] [main] o.s.b.web.servlet.context.ServletWebServerApplicationContext [ServletWebServerApplicationContext.java : 289] Root WebApplicationContext: initialization completed in 12678 ms
2021-01-31 21:28:41,865 [INFO ] [main] o.s.scheduling.concurrent.ThreadPoolTaskExecutor [ExecutorConfigurationSupport.java : 181] Initializing ExecutorService 'applicationTaskExecutor'
2021-01-31 21:28:43,445 [INFO ] [main] org.apache.coyote.http11.Http11NioProtocol [DirectJDKLog.java : 173] Starting ProtocolHandler ["http-nio-8855"]
2021-01-31 21:28:43,512 [INFO ] [main] org.springframework.boot.web.embedded.tomcat.TomcatWebServer [TomcatWebServer.java : 220] Tomcat started on port(s): 8855 (http) with context path ''
2021-01-31 21:28:43,544 [INFO ] [main] com.cheny.springboot.Ch5Application [StartupInfoLogger.java : 61] Started Ch5Application in 28.737 seconds (JVM running for 46.223)
2021-01-31 21:29:03,564 [INFO ] [http-nio-8855-exec-5] o.a.catalina.core.ContainerBase.[Tomcat].[localhost].[/] [DirectJDKLog.java : 173] Initializing Spring DispatcherServlet 'dispatcherServlet'
2021-01-31 21:29:03,566 [INFO ] [http-nio-8855-exec-5] org.springframework.web.servlet.DispatcherServlet [FrameworkServlet.java : 525] Initializing Servlet 'dispatcherServlet'
2021-01-31 21:29:03,570 [INFO ] [http-nio-8855-exec-5] org.springframework.web.servlet.DispatcherServlet [FrameworkServlet.java : 547] Completed initialization in 2 ms
2021-01-31 21:29:03,781 [INFO ] [http-nio-8855-exec-5] com.zaxxer.hikari.HikariDataSource [HikariDataSource.java : 110] HikariPool-1 - Starting...
2021-01-31 21:29:04,553 [INFO ] [http-nio-8855-exec-5] com.zaxxer.hikari.HikariDataSource [HikariDataSource.java : 123] HikariPool-1 - Start completed.
2021-01-31 21:39:16,179 [INFO ] [main] com.cheny.springboot.Ch5Application [StartupInfoLogger.java : 55] Starting Ch5Application using Java 1.8.0_271 on DESKTOP-6JTQ43H with PID 11220 (C:\Users\chenyi\Desktop\homejava\springboot\platform\target\classes started by chenyi in C:\Users\chenyi\Desktop\homejava\springboot\platform)
2021-01-31 21:39:16,211 [INFO ] [main] com.cheny.springboot.Ch5Application [SpringApplication.java : 660] No active profile set, falling back to default profiles: default
2021-01-31 21:39:17,380 [INFO ] [main] o.s.data.repository.config.RepositoryConfigurationDelegate [RepositoryConfigurationDelegate.java : 250] Multiple Spring Data modules found, entering strict repository configuration mode!
2021-01-31 21:39:17,383 [INFO ] [main] o.s.data.repository.config.RepositoryConfigurationDelegate [RepositoryConfigurationDelegate.java : 128] Bootstrapping Spring Data Redis repositories in DEFAULT mode.
2021-01-31 21:39:17,414 [INFO ] [main] o.s.data.repository.config.RepositoryConfigurationDelegate [RepositoryConfigurationDelegate.java : 188] Finished Spring Data repository scanning in 17 ms. Found 0 Redis repository interfaces.
2021-01-31 21:39:18,718 [INFO ] [main] org.springframework.boot.web.embedded.tomcat.TomcatWebServer [TomcatWebServer.java : 108] Tomcat initialized with port(s): 8855 (http)
2021-01-31 21:39:18,767 [INFO ] [main] org.apache.coyote.http11.Http11NioProtocol [DirectJDKLog.java : 173] Initializing ProtocolHandler ["http-nio-8855"]
2021-01-31 21:39:18,768 [INFO ] [main] org.apache.catalina.core.StandardService [DirectJDKLog.java : 173] Starting service [Tomcat]
2021-01-31 21:39:18,768 [INFO ] [main] org.apache.catalina.core.StandardEngine [DirectJDKLog.java : 173] Starting Servlet engine: [Apache Tomcat/9.0.41]
2021-01-31 21:39:18,771 [INFO ] [main] org.apache.catalina.core.AprLifecycleListener [DirectJDKLog.java : 173] Loaded Apache Tomcat Native library [1.2.25] using APR version [1.7.0].
2021-01-31 21:39:18,771 [INFO ] [main] org.apache.catalina.core.AprLifecycleListener [DirectJDKLog.java : 173] APR capabilities: IPv6 [true], sendfile [true], accept filters [false], random [true].
2021-01-31 21:39:18,772 [INFO ] [main] org.apache.catalina.core.AprLifecycleListener [DirectJDKLog.java : 173] APR/OpenSSL configuration: useAprConnector [false], useOpenSSL [true]
2021-01-31 21:39:18,792 [INFO ] [main] org.apache.catalina.core.AprLifecycleListener [DirectJDKLog.java : 173] OpenSSL successfully initialized [OpenSSL 1.1.1g  21 Apr 2020]
2021-01-31 21:39:19,520 [INFO ] [main] org.apache.jasper.servlet.TldScanner [DirectJDKLog.java : 173] At least one JAR was scanned for TLDs yet contained no TLDs. Enable debug logging for this logger for a complete list of JARs that were scanned but no TLDs were found in them. Skipping unneeded JARs during scanning can improve startup time and JSP compilation time.
2021-01-31 21:39:19,529 [INFO ] [main] o.a.catalina.core.ContainerBase.[Tomcat].[localhost].[/] [DirectJDKLog.java : 173] Initializing Spring embedded WebApplicationContext
2021-01-31 21:39:19,529 [INFO ] [main] o.s.b.web.servlet.context.ServletWebServerApplicationContext [ServletWebServerApplicationContext.java : 289] Root WebApplicationContext: initialization completed in 3184 ms
2021-01-31 21:39:21,712 [INFO ] [main] o.s.scheduling.concurrent.ThreadPoolTaskExecutor [ExecutorConfigurationSupport.java : 181] Initializing ExecutorService 'applicationTaskExecutor'
2021-01-31 21:39:24,324 [INFO ] [main] org.apache.coyote.http11.Http11NioProtocol [DirectJDKLog.java : 173] Starting ProtocolHandler ["http-nio-8855"]
2021-01-31 21:39:24,392 [INFO ] [main] org.springframework.boot.web.embedded.tomcat.TomcatWebServer [TomcatWebServer.java : 220] Tomcat started on port(s): 8855 (http) with context path ''
2021-01-31 21:39:24,424 [INFO ] [main] com.cheny.springboot.Ch5Application [StartupInfoLogger.java : 61] Started Ch5Application in 10.101 seconds (JVM running for 13.87)
2021-01-31 21:41:18,846 [INFO ] [http-nio-8855-exec-1] o.a.catalina.core.ContainerBase.[Tomcat].[localhost].[/] [DirectJDKLog.java : 173] Initializing Spring DispatcherServlet 'dispatcherServlet'
2021-01-31 21:41:18,846 [INFO ] [http-nio-8855-exec-1] org.springframework.web.servlet.DispatcherServlet [FrameworkServlet.java : 525] Initializing Servlet 'dispatcherServlet'
2021-01-31 21:41:18,849 [INFO ] [http-nio-8855-exec-1] org.springframework.web.servlet.DispatcherServlet [FrameworkServlet.java : 547] Completed initialization in 2 ms
2021-01-31 21:41:21,941 [INFO ] [http-nio-8855-exec-3] com.zaxxer.hikari.HikariDataSource [HikariDataSource.java : 110] HikariPool-1 - Starting...
2021-01-31 21:41:22,460 [INFO ] [http-nio-8855-exec-3] com.zaxxer.hikari.HikariDataSource [HikariDataSource.java : 123] HikariPool-1 - Start completed.
2021-01-31 21:46:28,557 [INFO ] [main] com.cheny.springboot.Ch5Application [StartupInfoLogger.java : 55] Starting Ch5Application using Java 1.8.0_271 on DESKTOP-6JTQ43H with PID 11884 (C:\Users\chenyi\Desktop\homejava\springboot\platform\target\classes started by chenyi in C:\Users\chenyi\Desktop\homejava\springboot\platform)
2021-01-31 21:46:28,586 [INFO ] [main] com.cheny.springboot.Ch5Application [SpringApplication.java : 660] No active profile set, falling back to default profiles: default
2021-01-31 21:46:32,620 [INFO ] [main] o.s.data.repository.config.RepositoryConfigurationDelegate [RepositoryConfigurationDelegate.java : 250] Multiple Spring Data modules found, entering strict repository configuration mode!
2021-01-31 21:46:32,628 [INFO ] [main] o.s.data.repository.config.RepositoryConfigurationDelegate [RepositoryConfigurationDelegate.java : 128] Bootstrapping Spring Data Redis repositories in DEFAULT mode.
2021-01-31 21:46:32,786 [INFO ] [main] o.s.data.repository.config.RepositoryConfigurationDelegate [RepositoryConfigurationDelegate.java : 188] Finished Spring Data repository scanning in 51 ms. Found 0 Redis repository interfaces.
2021-01-31 21:46:36,683 [INFO ] [main] org.springframework.boot.web.embedded.tomcat.TomcatWebServer [TomcatWebServer.java : 108] Tomcat initialized with port(s): 8855 (http)
2021-01-31 21:46:36,882 [INFO ] [main] org.apache.coyote.http11.Http11NioProtocol [DirectJDKLog.java : 173] Initializing ProtocolHandler ["http-nio-8855"]
2021-01-31 21:46:36,884 [INFO ] [main] org.apache.catalina.core.StandardService [DirectJDKLog.java : 173] Starting service [Tomcat]
2021-01-31 21:46:36,886 [INFO ] [main] org.apache.catalina.core.StandardEngine [DirectJDKLog.java : 173] Starting Servlet engine: [Apache Tomcat/9.0.41]
2021-01-31 21:46:36,896 [INFO ] [main] org.apache.catalina.core.AprLifecycleListener [DirectJDKLog.java : 173] Loaded Apache Tomcat Native library [1.2.25] using APR version [1.7.0].
2021-01-31 21:46:36,898 [INFO ] [main] org.apache.catalina.core.AprLifecycleListener [DirectJDKLog.java : 173] APR capabilities: IPv6 [true], sendfile [true], accept filters [false], random [true].
2021-01-31 21:46:36,899 [INFO ] [main] org.apache.catalina.core.AprLifecycleListener [DirectJDKLog.java : 173] APR/OpenSSL configuration: useAprConnector [false], useOpenSSL [true]
2021-01-31 21:46:37,326 [INFO ] [main] org.apache.catalina.core.AprLifecycleListener [DirectJDKLog.java : 173] OpenSSL successfully initialized [OpenSSL 1.1.1g  21 Apr 2020]
2021-01-31 21:46:38,463 [INFO ] [main] org.apache.jasper.servlet.TldScanner [DirectJDKLog.java : 173] At least one JAR was scanned for TLDs yet contained no TLDs. Enable debug logging for this logger for a complete list of JARs that were scanned but no TLDs were found in them. Skipping unneeded JARs during scanning can improve startup time and JSP compilation time.
2021-01-31 21:46:38,474 [INFO ] [main] o.a.catalina.core.ContainerBase.[Tomcat].[localhost].[/] [DirectJDKLog.java : 173] Initializing Spring embedded WebApplicationContext
2021-01-31 21:46:38,475 [INFO ] [main] o.s.b.web.servlet.context.ServletWebServerApplicationContext [ServletWebServerApplicationContext.java : 289] Root WebApplicationContext: initialization completed in 9280 ms
2021-01-31 21:46:40,070 [INFO ] [main] o.s.scheduling.concurrent.ThreadPoolTaskExecutor [ExecutorConfigurationSupport.java : 181] Initializing ExecutorService 'applicationTaskExecutor'
2021-01-31 21:46:42,058 [INFO ] [main] org.apache.coyote.http11.Http11NioProtocol [DirectJDKLog.java : 173] Starting ProtocolHandler ["http-nio-8855"]
2021-01-31 21:46:42,127 [INFO ] [main] org.springframework.boot.web.embedded.tomcat.TomcatWebServer [TomcatWebServer.java : 220] Tomcat started on port(s): 8855 (http) with context path ''
2021-01-31 21:46:42,160 [INFO ] [main] com.cheny.springboot.Ch5Application [StartupInfoLogger.java : 61] Started Ch5Application in 23.942 seconds (JVM running for 37.277)
2021-01-31 21:47:41,609 [INFO ] [http-nio-8855-exec-1] o.a.catalina.core.ContainerBase.[Tomcat].[localhost].[/] [DirectJDKLog.java : 173] Initializing Spring DispatcherServlet 'dispatcherServlet'
2021-01-31 21:47:41,609 [INFO ] [http-nio-8855-exec-1] org.springframework.web.servlet.DispatcherServlet [FrameworkServlet.java : 525] Initializing Servlet 'dispatcherServlet'
2021-01-31 21:47:41,611 [INFO ] [http-nio-8855-exec-1] org.springframework.web.servlet.DispatcherServlet [FrameworkServlet.java : 547] Completed initialization in 1 ms
2021-01-31 21:47:44,979 [INFO ] [http-nio-8855-exec-5] com.zaxxer.hikari.HikariDataSource [HikariDataSource.java : 110] HikariPool-1 - Starting...
2021-01-31 21:47:45,650 [INFO ] [http-nio-8855-exec-5] com.zaxxer.hikari.HikariDataSource [HikariDataSource.java : 123] HikariPool-1 - Start completed.
2021-01-31 21:49:47,085 [INFO ] [main] com.cheny.springboot.Ch5Application [StartupInfoLogger.java : 55] Starting Ch5Application using Java 1.8.0_271 on DESKTOP-6JTQ43H with PID 13908 (C:\Users\chenyi\Desktop\homejava\springboot\platform\target\classes started by chenyi in C:\Users\chenyi\Desktop\homejava\springboot\platform)
2021-01-31 21:49:47,126 [INFO ] [main] com.cheny.springboot.Ch5Application [SpringApplication.java : 660] No active profile set, falling back to default profiles: default
2021-01-31 21:49:48,821 [INFO ] [main] o.s.data.repository.config.RepositoryConfigurationDelegate [RepositoryConfigurationDelegate.java : 250] Multiple Spring Data modules found, entering strict repository configuration mode!
2021-01-31 21:49:48,828 [INFO ] [main] o.s.data.repository.config.RepositoryConfigurationDelegate [RepositoryConfigurationDelegate.java : 128] Bootstrapping Spring Data Redis repositories in DEFAULT mode.
2021-01-31 21:49:48,989 [INFO ] [main] o.s.data.repository.config.RepositoryConfigurationDelegate [RepositoryConfigurationDelegate.java : 188] Finished Spring Data repository scanning in 18 ms. Found 0 Redis repository interfaces.
2021-01-31 21:49:57,172 [INFO ] [main] org.springframework.boot.web.embedded.tomcat.TomcatWebServer [TomcatWebServer.java : 108] Tomcat initialized with port(s): 8855 (http)
2021-01-31 21:49:57,216 [INFO ] [main] org.apache.coyote.http11.Http11NioProtocol [DirectJDKLog.java : 173] Initializing ProtocolHandler ["http-nio-8855"]
2021-01-31 21:49:57,217 [INFO ] [main] org.apache.catalina.core.StandardService [DirectJDKLog.java : 173] Starting service [Tomcat]
2021-01-31 21:49:57,218 [INFO ] [main] org.apache.catalina.core.StandardEngine [DirectJDKLog.java : 173] Starting Servlet engine: [Apache Tomcat/9.0.41]
2021-01-31 21:49:57,221 [INFO ] [main] org.apache.catalina.core.AprLifecycleListener [DirectJDKLog.java : 173] Loaded Apache Tomcat Native library [1.2.25] using APR version [1.7.0].
2021-01-31 21:49:57,222 [INFO ] [main] org.apache.catalina.core.AprLifecycleListener [DirectJDKLog.java : 173] APR capabilities: IPv6 [true], sendfile [true], accept filters [false], random [true].
2021-01-31 21:49:57,222 [INFO ] [main] org.apache.catalina.core.AprLifecycleListener [DirectJDKLog.java : 173] APR/OpenSSL configuration: useAprConnector [false], useOpenSSL [true]
2021-01-31 21:49:57,351 [INFO ] [main] org.apache.catalina.core.AprLifecycleListener [DirectJDKLog.java : 173] OpenSSL successfully initialized [OpenSSL 1.1.1g  21 Apr 2020]
2021-01-31 21:49:58,644 [INFO ] [main] org.apache.jasper.servlet.TldScanner [DirectJDKLog.java : 173] At least one JAR was scanned for TLDs yet contained no TLDs. Enable debug logging for this logger for a complete list of JARs that were scanned but no TLDs were found in them. Skipping unneeded JARs during scanning can improve startup time and JSP compilation time.
2021-01-31 21:49:58,665 [INFO ] [main] o.a.catalina.core.ContainerBase.[Tomcat].[localhost].[/] [DirectJDKLog.java : 173] Initializing Spring embedded WebApplicationContext
2021-01-31 21:49:58,668 [INFO ] [main] o.s.b.web.servlet.context.ServletWebServerApplicationContext [ServletWebServerApplicationContext.java : 289] Root WebApplicationContext: initialization completed in 11401 ms
2021-01-31 21:50:00,349 [INFO ] [main] o.s.scheduling.concurrent.ThreadPoolTaskExecutor [ExecutorConfigurationSupport.java : 181] Initializing ExecutorService 'applicationTaskExecutor'
2021-01-31 21:50:03,091 [INFO ] [main] org.apache.coyote.http11.Http11NioProtocol [DirectJDKLog.java : 173] Starting ProtocolHandler ["http-nio-8855"]
2021-01-31 21:50:03,184 [INFO ] [main] org.springframework.boot.web.embedded.tomcat.TomcatWebServer [TomcatWebServer.java : 220] Tomcat started on port(s): 8855 (http) with context path ''
2021-01-31 21:50:03,250 [INFO ] [main] com.cheny.springboot.Ch5Application [StartupInfoLogger.java : 61] Started Ch5Application in 21.424 seconds (JVM running for 31.712)
2021-01-31 21:50:14,060 [INFO ] [http-nio-8855-exec-1] o.a.catalina.core.ContainerBase.[Tomcat].[localhost].[/] [DirectJDKLog.java : 173] Initializing Spring DispatcherServlet 'dispatcherServlet'
2021-01-31 21:50:14,080 [INFO ] [http-nio-8855-exec-1] org.springframework.web.servlet.DispatcherServlet [FrameworkServlet.java : 525] Initializing Servlet 'dispatcherServlet'
2021-01-31 21:50:14,082 [INFO ] [http-nio-8855-exec-1] org.springframework.web.servlet.DispatcherServlet [FrameworkServlet.java : 547] Completed initialization in 1 ms
2021-01-31 21:50:14,303 [INFO ] [http-nio-8855-exec-1] com.zaxxer.hikari.HikariDataSource [HikariDataSource.java : 110] HikariPool-1 - Starting...
2021-01-31 21:50:14,972 [INFO ] [http-nio-8855-exec-1] com.zaxxer.hikari.HikariDataSource [HikariDataSource.java : 123] HikariPool-1 - Start completed.
2021-01-31 21:52:19,792 [INFO ] [main] com.cheny.springboot.Ch5Application [StartupInfoLogger.java : 55] Starting Ch5Application using Java 1.8.0_271 on DESKTOP-6JTQ43H with PID 11640 (C:\Users\chenyi\Desktop\homejava\springboot\platform\target\classes started by chenyi in C:\Users\chenyi\Desktop\homejava\springboot\platform)
2021-01-31 21:52:19,815 [INFO ] [main] com.cheny.springboot.Ch5Application [SpringApplication.java : 660] No active profile set, falling back to default profiles: default
2021-01-31 21:52:21,277 [INFO ] [main] o.s.data.repository.config.RepositoryConfigurationDelegate [RepositoryConfigurationDelegate.java : 250] Multiple Spring Data modules found, entering strict repository configuration mode!
2021-01-31 21:52:21,280 [INFO ] [main] o.s.data.repository.config.RepositoryConfigurationDelegate [RepositoryConfigurationDelegate.java : 128] Bootstrapping Spring Data Redis repositories in DEFAULT mode.
2021-01-31 21:52:21,310 [INFO ] [main] o.s.data.repository.config.RepositoryConfigurationDelegate [RepositoryConfigurationDelegate.java : 188] Finished Spring Data repository scanning in 16 ms. Found 0 Redis repository interfaces.
2021-01-31 21:52:23,214 [INFO ] [main] org.springframework.boot.web.embedded.tomcat.TomcatWebServer [TomcatWebServer.java : 108] Tomcat initialized with port(s): 8855 (http)
2021-01-31 21:52:23,246 [INFO ] [main] org.apache.coyote.http11.Http11NioProtocol [DirectJDKLog.java : 173] Initializing ProtocolHandler ["http-nio-8855"]
2021-01-31 21:52:23,247 [INFO ] [main] org.apache.catalina.core.StandardService [DirectJDKLog.java : 173] Starting service [Tomcat]
2021-01-31 21:52:23,247 [INFO ] [main] org.apache.catalina.core.StandardEngine [DirectJDKLog.java : 173] Starting Servlet engine: [Apache Tomcat/9.0.41]
2021-01-31 21:52:23,249 [INFO ] [main] org.apache.catalina.core.AprLifecycleListener [DirectJDKLog.java : 173] Loaded Apache Tomcat Native library [1.2.25] using APR version [1.7.0].
2021-01-31 21:52:23,251 [INFO ] [main] org.apache.catalina.core.AprLifecycleListener [DirectJDKLog.java : 173] APR capabilities: IPv6 [true], sendfile [true], accept filters [false], random [true].
2021-01-31 21:52:23,251 [INFO ] [main] org.apache.catalina.core.AprLifecycleListener [DirectJDKLog.java : 173] APR/OpenSSL configuration: useAprConnector [false], useOpenSSL [true]
2021-01-31 21:52:23,271 [INFO ] [main] org.apache.catalina.core.AprLifecycleListener [DirectJDKLog.java : 173] OpenSSL successfully initialized [OpenSSL 1.1.1g  21 Apr 2020]
2021-01-31 21:52:24,498 [INFO ] [main] org.apache.jasper.servlet.TldScanner [DirectJDKLog.java : 173] At least one JAR was scanned for TLDs yet contained no TLDs. Enable debug logging for this logger for a complete list of JARs that were scanned but no TLDs were found in them. Skipping unneeded JARs during scanning can improve startup time and JSP compilation time.
2021-01-31 21:52:24,502 [INFO ] [main] o.a.catalina.core.ContainerBase.[Tomcat].[localhost].[/] [DirectJDKLog.java : 173] Initializing Spring embedded WebApplicationContext
2021-01-31 21:52:24,503 [INFO ] [main] o.s.b.web.servlet.context.ServletWebServerApplicationContext [ServletWebServerApplicationContext.java : 289] Root WebApplicationContext: initialization completed in 4588 ms
2021-01-31 21:52:25,606 [INFO ] [main] o.s.scheduling.concurrent.ThreadPoolTaskExecutor [ExecutorConfigurationSupport.java : 181] Initializing ExecutorService 'applicationTaskExecutor'
2021-01-31 21:52:26,352 [INFO ] [main] org.apache.coyote.http11.Http11NioProtocol [DirectJDKLog.java : 173] Starting ProtocolHandler ["http-nio-8855"]
2021-01-31 21:52:26,386 [INFO ] [main] org.springframework.boot.web.embedded.tomcat.TomcatWebServer [TomcatWebServer.java : 220] Tomcat started on port(s): 8855 (http) with context path ''
2021-01-31 21:52:26,398 [INFO ] [main] com.cheny.springboot.Ch5Application [StartupInfoLogger.java : 61] Started Ch5Application in 8.887 seconds (JVM running for 12.759)
2021-01-31 23:34:58,397 [INFO ] [main] com.cheny.springboot.Ch5Application [StartupInfoLogger.java : 55] Starting Ch5Application using Java 1.8.0_271 on DESKTOP-6JTQ43H with PID 14692 (C:\Users\chenyi\Desktop\homejava\springboot\platform\target\classes started by chenyi in C:\Users\chenyi\Desktop\homejava\springboot\platform)
2021-01-31 23:34:58,489 [INFO ] [main] com.cheny.springboot.Ch5Application [SpringApplication.java : 660] No active profile set, falling back to default profiles: default
2021-01-31 23:35:16,973 [INFO ] [main] o.s.data.repository.config.RepositoryConfigurationDelegate [RepositoryConfigurationDelegate.java : 250] Multiple Spring Data modules found, entering strict repository configuration mode!
2021-01-31 23:35:16,977 [INFO ] [main] o.s.data.repository.config.RepositoryConfigurationDelegate [RepositoryConfigurationDelegate.java : 128] Bootstrapping Spring Data Redis repositories in DEFAULT mode.
2021-01-31 23:35:17,988 [INFO ] [main] o.s.data.repository.config.RepositoryConfigurationDelegate [RepositoryConfigurationDelegate.java : 188] Finished Spring Data repository scanning in 267 ms. Found 0 Redis repository interfaces.
2021-01-31 23:35:35,572 [INFO ] [main] org.springframework.boot.web.embedded.tomcat.TomcatWebServer [TomcatWebServer.java : 108] Tomcat initialized with port(s): 8855 (http)
2021-01-31 23:35:35,915 [INFO ] [main] org.apache.coyote.http11.Http11NioProtocol [DirectJDKLog.java : 173] Initializing ProtocolHandler ["http-nio-8855"]
2021-01-31 23:35:35,919 [INFO ] [main] org.apache.catalina.core.StandardService [DirectJDKLog.java : 173] Starting service [Tomcat]
2021-01-31 23:35:35,921 [INFO ] [main] org.apache.catalina.core.StandardEngine [DirectJDKLog.java : 173] Starting Servlet engine: [Apache Tomcat/9.0.41]
2021-01-31 23:35:35,933 [INFO ] [main] org.apache.catalina.core.AprLifecycleListener [DirectJDKLog.java : 173] Loaded Apache Tomcat Native library [1.2.25] using APR version [1.7.0].
2021-01-31 23:35:35,935 [INFO ] [main] org.apache.catalina.core.AprLifecycleListener [DirectJDKLog.java : 173] APR capabilities: IPv6 [true], sendfile [true], accept filters [false], random [true].
2021-01-31 23:35:35,937 [INFO ] [main] org.apache.catalina.core.AprLifecycleListener [DirectJDKLog.java : 173] APR/OpenSSL configuration: useAprConnector [false], useOpenSSL [true]
2021-01-31 23:35:37,966 [INFO ] [main] org.apache.catalina.core.AprLifecycleListener [DirectJDKLog.java : 173] OpenSSL successfully initialized [OpenSSL 1.1.1g  21 Apr 2020]
2021-01-31 23:35:43,145 [INFO ] [main] org.apache.jasper.servlet.TldScanner [DirectJDKLog.java : 173] At least one JAR was scanned for TLDs yet contained no TLDs. Enable debug logging for this logger for a complete list of JARs that were scanned but no TLDs were found in them. Skipping unneeded JARs during scanning can improve startup time and JSP compilation time.
2021-01-31 23:35:43,185 [INFO ] [main] o.a.catalina.core.ContainerBase.[Tomcat].[localhost].[/] [DirectJDKLog.java : 173] Initializing Spring embedded WebApplicationContext
2021-01-31 23:35:43,185 [INFO ] [main] o.s.b.web.servlet.context.ServletWebServerApplicationContext [ServletWebServerApplicationContext.java : 289] Root WebApplicationContext: initialization completed in 43241 ms
2021-01-31 23:35:50,397 [INFO ] [main] o.s.scheduling.concurrent.ThreadPoolTaskExecutor [ExecutorConfigurationSupport.java : 181] Initializing ExecutorService 'applicationTaskExecutor'
2021-01-31 23:36:00,592 [INFO ] [main] org.apache.coyote.http11.Http11NioProtocol [DirectJDKLog.java : 173] Starting ProtocolHandler ["http-nio-8855"]
2021-01-31 23:36:00,749 [INFO ] [main] org.springframework.boot.web.embedded.tomcat.TomcatWebServer [TomcatWebServer.java : 220] Tomcat started on port(s): 8855 (http) with context path ''
2021-01-31 23:36:00,801 [INFO ] [main] com.cheny.springboot.Ch5Application [StartupInfoLogger.java : 61] Started Ch5Application in 84.149 seconds (JVM running for 106.81)
2021-01-31 23:40:06,989 [INFO ] [http-nio-8855-exec-1] o.a.catalina.core.ContainerBase.[Tomcat].[localhost].[/] [DirectJDKLog.java : 173] Initializing Spring DispatcherServlet 'dispatcherServlet'
2021-01-31 23:40:06,990 [INFO ] [http-nio-8855-exec-1] org.springframework.web.servlet.DispatcherServlet [FrameworkServlet.java : 525] Initializing Servlet 'dispatcherServlet'
2021-01-31 23:40:06,992 [INFO ] [http-nio-8855-exec-1] org.springframework.web.servlet.DispatcherServlet [FrameworkServlet.java : 547] Completed initialization in 2 ms
2021-01-31 23:40:11,210 [INFO ] [http-nio-8855-exec-6] com.zaxxer.hikari.HikariDataSource [HikariDataSource.java : 110] HikariPool-1 - Starting...
2021-01-31 23:40:13,755 [INFO ] [http-nio-8855-exec-6] com.zaxxer.hikari.HikariDataSource [HikariDataSource.java : 123] HikariPool-1 - Start completed.
2021-01-31 23:58:32,267 [INFO ] [main] com.cheny.springboot.Ch5Application [StartupInfoLogger.java : 55] Starting Ch5Application using Java 1.8.0_271 on DESKTOP-6JTQ43H with PID 2844 (C:\Users\chenyi\Desktop\homejava\springboot\platform\target\classes started by chenyi in C:\Users\chenyi\Desktop\homejava\springboot\platform)
2021-01-31 23:58:32,299 [INFO ] [main] com.cheny.springboot.Ch5Application [SpringApplication.java : 660] No active profile set, falling back to default profiles: default
2021-01-31 23:58:52,061 [INFO ] [main] o.s.data.repository.config.RepositoryConfigurationDelegate [RepositoryConfigurationDelegate.java : 250] Multiple Spring Data modules found, entering strict repository configuration mode!
2021-01-31 23:58:52,317 [INFO ] [main] o.s.data.repository.config.RepositoryConfigurationDelegate [RepositoryConfigurationDelegate.java : 128] Bootstrapping Spring Data Redis repositories in DEFAULT mode.
2021-01-31 23:58:53,811 [INFO ] [main] o.s.data.repository.config.RepositoryConfigurationDelegate [RepositoryConfigurationDelegate.java : 188] Finished Spring Data repository scanning in 323 ms. Found 0 Redis repository interfaces.
2021-01-31 23:59:03,623 [INFO ] [main] org.springframework.boot.web.embedded.tomcat.TomcatWebServer [TomcatWebServer.java : 108] Tomcat initialized with port(s): 8855 (http)
2021-01-31 23:59:03,680 [INFO ] [main] org.apache.coyote.http11.Http11NioProtocol [DirectJDKLog.java : 173] Initializing ProtocolHandler ["http-nio-8855"]
2021-01-31 23:59:03,681 [INFO ] [main] org.apache.catalina.core.StandardService [DirectJDKLog.java : 173] Starting service [Tomcat]
2021-01-31 23:59:03,681 [INFO ] [main] org.apache.catalina.core.StandardEngine [DirectJDKLog.java : 173] Starting Servlet engine: [Apache Tomcat/9.0.41]
2021-01-31 23:59:03,687 [INFO ] [main] org.apache.catalina.core.AprLifecycleListener [DirectJDKLog.java : 173] Loaded Apache Tomcat Native library [1.2.25] using APR version [1.7.0].
2021-01-31 23:59:03,687 [INFO ] [main] org.apache.catalina.core.AprLifecycleListener [DirectJDKLog.java : 173] APR capabilities: IPv6 [true], sendfile [true], accept filters [false], random [true].
2021-01-31 23:59:03,688 [INFO ] [main] org.apache.catalina.core.AprLifecycleListener [DirectJDKLog.java : 173] APR/OpenSSL configuration: useAprConnector [false], useOpenSSL [true]
2021-01-31 23:59:03,958 [INFO ] [main] org.apache.catalina.core.AprLifecycleListener [DirectJDKLog.java : 173] OpenSSL successfully initialized [OpenSSL 1.1.1g  21 Apr 2020]
2021-01-31 23:59:04,539 [INFO ] [main] org.apache.jasper.servlet.TldScanner [DirectJDKLog.java : 173] At least one JAR was scanned for TLDs yet contained no TLDs. Enable debug logging for this logger for a complete list of JARs that were scanned but no TLDs were found in them. Skipping unneeded JARs during scanning can improve startup time and JSP compilation time.
2021-01-31 23:59:04,564 [INFO ] [main] o.a.catalina.core.ContainerBase.[Tomcat].[localhost].[/] [DirectJDKLog.java : 173] Initializing Spring embedded WebApplicationContext
2021-01-31 23:59:04,564 [INFO ] [main] o.s.b.web.servlet.context.ServletWebServerApplicationContext [ServletWebServerApplicationContext.java : 289] Root WebApplicationContext: initialization completed in 31137 ms
2021-01-31 23:59:05,936 [INFO ] [main] o.s.scheduling.concurrent.ThreadPoolTaskExecutor [ExecutorConfigurationSupport.java : 181] Initializing ExecutorService 'applicationTaskExecutor'
2021-01-31 23:59:07,846 [INFO ] [main] org.apache.coyote.http11.Http11NioProtocol [DirectJDKLog.java : 173] Starting ProtocolHandler ["http-nio-8855"]
2021-01-31 23:59:07,987 [INFO ] [main] org.springframework.boot.web.embedded.tomcat.TomcatWebServer [TomcatWebServer.java : 220] Tomcat started on port(s): 8855 (http) with context path ''
2021-01-31 23:59:08,061 [INFO ] [main] com.cheny.springboot.Ch5Application [StartupInfoLogger.java : 61] Started Ch5Application in 56.567 seconds (JVM running for 72.692)
